                                      1 ;--------------------------------------------------------
                                      2 ; File Created by SDCC : free open source ISO C Compiler 
                                      3 ; Version 4.3.0 #14184 (MINGW64)
                                      4 ;--------------------------------------------------------
                                      5 	.module main
                                      6 	.optsdcc -mstm8
                                      7 	
                                      8 ;--------------------------------------------------------
                                      9 ; Public variables in this module
                                     10 ;--------------------------------------------------------
                                     11 	.globl _main
                                     12 	.globl _Read_EEPROM
                                     13 	.globl _Write_EEPROM
                                     14 	.globl _TIM4_ClearFlag
                                     15 	.globl _TIM4_GetFlagStatus
                                     16 	.globl _TIM4_SetCounter
                                     17 	.globl _TIM4_Cmd
                                     18 	.globl _TIM4_TimeBaseInit
                                     19 	.globl _GPIO_WriteLow
                                     20 	.globl _GPIO_WriteHigh
                                     21 	.globl _GPIO_Init
                                     22 	.globl _GPIO_DeInit
                                     23 	.globl _FLASH_ReadByte
                                     24 	.globl _FLASH_ProgramByte
                                     25 	.globl _FLASH_Lock
                                     26 	.globl _FLASH_Unlock
                                     27 	.globl _CLK_HSIPrescalerConfig
                                     28 	.globl _delay_ms
                                     29 ;--------------------------------------------------------
                                     30 ; ram data
                                     31 ;--------------------------------------------------------
                                     32 	.area DATA
                                     33 ;--------------------------------------------------------
                                     34 ; ram data
                                     35 ;--------------------------------------------------------
                                     36 	.area INITIALIZED
                                     37 ;--------------------------------------------------------
                                     38 ; Stack segment in internal ram
                                     39 ;--------------------------------------------------------
                                     40 	.area SSEG
      000000                         41 __start__stack:
      000000                         42 	.ds	1
                                     43 
                                     44 ;--------------------------------------------------------
                                     45 ; absolute external ram data
                                     46 ;--------------------------------------------------------
                                     47 	.area DABS (ABS)
                                     48 
                                     49 ; default segment ordering for linker
                                     50 	.area HOME
                                     51 	.area GSINIT
                                     52 	.area GSFINAL
                                     53 	.area CONST
                                     54 	.area INITIALIZER
                                     55 	.area CODE
                                     56 
                                     57 ;--------------------------------------------------------
                                     58 ; interrupt vector
                                     59 ;--------------------------------------------------------
                                     60 	.area HOME
      000000                         61 __interrupt_vect:
      000000 82v00u00u00             62 	int s_GSINIT ; reset
                                     63 ;--------------------------------------------------------
                                     64 ; global & static initialisations
                                     65 ;--------------------------------------------------------
                                     66 	.area HOME
                                     67 	.area GSINIT
                                     68 	.area GSFINAL
                                     69 	.area GSINIT
      000000 CDr00r00         [ 4]   70 	call	___sdcc_external_startup
      000003 4D               [ 1]   71 	tnz	a
      000004 27 03            [ 1]   72 	jreq	__sdcc_init_data
      000006 CCr00r04         [ 2]   73 	jp	__sdcc_program_startup
      000009                         74 __sdcc_init_data:
                                     75 ; stm8_genXINIT() start
      000009 AEr00r00         [ 2]   76 	ldw x, #l_DATA
      00000C 27 07            [ 1]   77 	jreq	00002$
      00000E                         78 00001$:
      00000E 72 4FuFFuFF      [ 1]   79 	clr (s_DATA - 1, x)
      000012 5A               [ 2]   80 	decw x
      000013 26 F9            [ 1]   81 	jrne	00001$
      000015                         82 00002$:
      000015 AEr00r00         [ 2]   83 	ldw	x, #l_INITIALIZER
      000018 27 09            [ 1]   84 	jreq	00004$
      00001A                         85 00003$:
      00001A D6uFFuFF         [ 1]   86 	ld	a, (s_INITIALIZER - 1, x)
      00001D D7uFFuFF         [ 1]   87 	ld	(s_INITIALIZED - 1, x), a
      000020 5A               [ 2]   88 	decw	x
      000021 26 F7            [ 1]   89 	jrne	00003$
      000023                         90 00004$:
                                     91 ; stm8_genXINIT() end
                                     92 	.area GSFINAL
      000000 CCr00r04         [ 2]   93 	jp	__sdcc_program_startup
                                     94 ;--------------------------------------------------------
                                     95 ; Home
                                     96 ;--------------------------------------------------------
                                     97 	.area HOME
                                     98 	.area HOME
      000004                         99 __sdcc_program_startup:
      000004 CCr00r22         [ 2]  100 	jp	_main
                                    101 ;	return from main will return to caller
                                    102 ;--------------------------------------------------------
                                    103 ; code
                                    104 ;--------------------------------------------------------
                                    105 	.area CODE
                                    106 ;	main.c: 5: void Write_EEPROM(uint8_t Data){
                                    107 ;	-----------------------------------------
                                    108 ;	 function Write_EEPROM
                                    109 ;	-----------------------------------------
      000000                        110 _Write_EEPROM:
                                    111 ;	main.c: 6: FLASH_Unlock(FLASH_MEMTYPE_DATA);
      000000 88               [ 1]  112 	push	a
      000001 A6 F7            [ 1]  113 	ld	a, #0xf7
      000003 CDr00r00         [ 4]  114 	call	_FLASH_Unlock
      000006 4B 00            [ 1]  115 	push	#0x00
      000008 4B 40            [ 1]  116 	push	#0x40
      00000A 5F               [ 1]  117 	clrw	x
      00000B 89               [ 2]  118 	pushw	x
      00000C CDr00r00         [ 4]  119 	call	_FLASH_ProgramByte
                                    120 ;	main.c: 8: FLASH_Lock(FLASH_MEMTYPE_DATA);
      00000F A6 F7            [ 1]  121 	ld	a, #0xf7
                                    122 ;	main.c: 9: }
      000011 CCr00r00         [ 2]  123 	jp	_FLASH_Lock
                                    124 ;	main.c: 10: uint8_t Read_EEPROM(uint32_t Address){
                                    125 ;	-----------------------------------------
                                    126 ;	 function Read_EEPROM
                                    127 ;	-----------------------------------------
      000014                        128 _Read_EEPROM:
                                    129 ;	main.c: 12: Data = FLASH_ReadByte(Address);
      000014 1E 05            [ 2]  130 	ldw	x, (0x05, sp)
      000016 89               [ 2]  131 	pushw	x
      000017 1E 05            [ 2]  132 	ldw	x, (0x05, sp)
      000019 89               [ 2]  133 	pushw	x
      00001A CDr00r00         [ 4]  134 	call	_FLASH_ReadByte
                                    135 ;	main.c: 13: return Data;
                                    136 ;	main.c: 14: }
      00001D 1E 01            [ 2]  137 	ldw	x, (1, sp)
      00001F 5B 06            [ 2]  138 	addw	sp, #6
      000021 FC               [ 2]  139 	jp	(x)
                                    140 ;	main.c: 16: void main(void)
                                    141 ;	-----------------------------------------
                                    142 ;	 function main
                                    143 ;	-----------------------------------------
      000022                        144 _main:
                                    145 ;	main.c: 19: CLK_HSIPrescalerConfig(CLK_PRESCALER_HSIDIV1);
      000022 4F               [ 1]  146 	clr	a
      000023 CDr00r00         [ 4]  147 	call	_CLK_HSIPrescalerConfig
                                    148 ;	main.c: 20: GPIO_DeInit(GPIOD); 	/*CLEAR REGISTER GPIO OR RESET VALUE*/
      000026 AE 50 0F         [ 2]  149 	ldw	x, #0x500f
      000029 CDr00r00         [ 4]  150 	call	_GPIO_DeInit
                                    151 ;	main.c: 21: GPIO_Init(GPIOD, GPIO_PIN_3, GPIO_MODE_OUT_PP_LOW_FAST);
      00002C 4B E0            [ 1]  152 	push	#0xe0
      00002E A6 08            [ 1]  153 	ld	a, #0x08
      000030 AE 50 0F         [ 2]  154 	ldw	x, #0x500f
      000033 CDr00r00         [ 4]  155 	call	_GPIO_Init
                                    156 ;	main.c: 22: TIM4_TimeBaseInit(TIM4_PRESCALER_128, 63 - 1);
      000036 4B 3E            [ 1]  157 	push	#0x3e
      000038 A6 07            [ 1]  158 	ld	a, #0x07
      00003A CDr00r00         [ 4]  159 	call	_TIM4_TimeBaseInit
                                    160 ;	main.c: 23: TIM4_Cmd(ENABLE);
      00003D A6 01            [ 1]  161 	ld	a, #0x01
      00003F CDr00r00         [ 4]  162 	call	_TIM4_Cmd
                                    163 ;	main.c: 25: Write_EEPROM(0x82);
      000042 A6 82            [ 1]  164 	ld	a, #0x82
      000044 CDr00r00         [ 4]  165 	call	_Write_EEPROM
                                    166 ;	main.c: 26: while(1) {
      000047                        167 00105$:
                                    168 ;	main.c: 27: if(Read_EEPROM(0x407F) == 255) GPIO_WriteHigh(GPIOD, GPIO_PIN_3);	/*Nhap nhay LED tai chan PD3*/
      000047 4B 7F            [ 1]  169 	push	#0x7f
      000049 4B 40            [ 1]  170 	push	#0x40
      00004B 5F               [ 1]  171 	clrw	x
      00004C 89               [ 2]  172 	pushw	x
      00004D CDr00r14         [ 4]  173 	call	_Read_EEPROM
      000050 4C               [ 1]  174 	inc	a
      000051 26 0A            [ 1]  175 	jrne	00102$
      000053 A6 08            [ 1]  176 	ld	a, #0x08
      000055 AE 50 0F         [ 2]  177 	ldw	x, #0x500f
      000058 CDr00r00         [ 4]  178 	call	_GPIO_WriteHigh
      00005B 20 EA            [ 2]  179 	jra	00105$
      00005D                        180 00102$:
                                    181 ;	main.c: 28: else GPIO_WriteLow(GPIOD, GPIO_PIN_3);
      00005D A6 08            [ 1]  182 	ld	a, #0x08
      00005F AE 50 0F         [ 2]  183 	ldw	x, #0x500f
      000062 CDr00r00         [ 4]  184 	call	_GPIO_WriteLow
      000065 20 E0            [ 2]  185 	jra	00105$
                                    186 ;	main.c: 30: }
      000067 81               [ 4]  187 	ret
                                    188 ;	main.c: 32: void delay_ms(uint16_t u16Delay)	//Ham delay dung timer4
                                    189 ;	-----------------------------------------
                                    190 ;	 function delay_ms
                                    191 ;	-----------------------------------------
      000068                        192 _delay_ms:
      000068 52 02            [ 2]  193 	sub	sp, #2
                                    194 ;	main.c: 35: while (u16Delay) {
      00006A 1F 01            [ 2]  195 	ldw	(0x01, sp), x
      00006C                        196 00104$:
      00006C 1E 01            [ 2]  197 	ldw	x, (0x01, sp)
      00006E 27 18            [ 1]  198 	jreq	00107$
                                    199 ;	main.c: 36: TIM4_SetCounter(0);
      000070 4F               [ 1]  200 	clr	a
      000071 CDr00r00         [ 4]  201 	call	_TIM4_SetCounter
                                    202 ;	main.c: 37: TIM4_ClearFlag(TIM4_FLAG_UPDATE);
      000074 A6 01            [ 1]  203 	ld	a, #0x01
      000076 CDr00r00         [ 4]  204 	call	_TIM4_ClearFlag
                                    205 ;	main.c: 38: while (TIM4_GetFlagStatus(TIM4_FLAG_UPDATE) == RESET) {
      000079                        206 00101$:
      000079 A6 01            [ 1]  207 	ld	a, #0x01
      00007B CDr00r00         [ 4]  208 	call	_TIM4_GetFlagStatus
      00007E 4D               [ 1]  209 	tnz	a
      00007F 27 F8            [ 1]  210 	jreq	00101$
                                    211 ;	main.c: 40: --u16Delay;
      000081 1E 01            [ 2]  212 	ldw	x, (0x01, sp)
      000083 5A               [ 2]  213 	decw	x
      000084 1F 01            [ 2]  214 	ldw	(0x01, sp), x
      000086 20 E4            [ 2]  215 	jra	00104$
      000088                        216 00107$:
                                    217 ;	main.c: 42: }
      000088 5B 02            [ 2]  218 	addw	sp, #2
      00008A 81               [ 4]  219 	ret
                                    220 	.area CODE
                                    221 	.area CONST
                                    222 	.area INITIALIZER
                                    223 	.area CABS (ABS)
