                                      1 ;--------------------------------------------------------
                                      2 ; File Created by SDCC : free open source ISO C Compiler 
                                      3 ; Version 4.3.0 #14184 (MINGW64)
                                      4 ;--------------------------------------------------------
                                      5 	.module main
                                      6 	.optsdcc -mstm8
                                      7 	
                                      8 ;--------------------------------------------------------
                                      9 ; Public variables in this module
                                     10 ;--------------------------------------------------------
                                     11 	.globl _main
                                     12 	.globl _TIM4_ClearFlag
                                     13 	.globl _TIM4_GetFlagStatus
                                     14 	.globl _TIM4_SetCounter
                                     15 	.globl _TIM4_Cmd
                                     16 	.globl _TIM4_TimeBaseInit
                                     17 	.globl _GPIO_WriteReverse
                                     18 	.globl _GPIO_Init
                                     19 	.globl _GPIO_DeInit
                                     20 	.globl _CLK_HSIPrescalerConfig
                                     21 	.globl _delay_ms
                                     22 ;--------------------------------------------------------
                                     23 ; ram data
                                     24 ;--------------------------------------------------------
                                     25 	.area DATA
                                     26 ;--------------------------------------------------------
                                     27 ; ram data
                                     28 ;--------------------------------------------------------
                                     29 	.area INITIALIZED
                                     30 ;--------------------------------------------------------
                                     31 ; Stack segment in internal ram
                                     32 ;--------------------------------------------------------
                                     33 	.area SSEG
      000000                         34 __start__stack:
      000000                         35 	.ds	1
                                     36 
                                     37 ;--------------------------------------------------------
                                     38 ; absolute external ram data
                                     39 ;--------------------------------------------------------
                                     40 	.area DABS (ABS)
                                     41 
                                     42 ; default segment ordering for linker
                                     43 	.area HOME
                                     44 	.area GSINIT
                                     45 	.area GSFINAL
                                     46 	.area CONST
                                     47 	.area INITIALIZER
                                     48 	.area CODE
                                     49 
                                     50 ;--------------------------------------------------------
                                     51 ; interrupt vector
                                     52 ;--------------------------------------------------------
                                     53 	.area HOME
      000000                         54 __interrupt_vect:
      000000 82v00u00u00             55 	int s_GSINIT ; reset
                                     56 ;--------------------------------------------------------
                                     57 ; global & static initialisations
                                     58 ;--------------------------------------------------------
                                     59 	.area HOME
                                     60 	.area GSINIT
                                     61 	.area GSFINAL
                                     62 	.area GSINIT
      000000 CDr00r00         [ 4]   63 	call	___sdcc_external_startup
      000003 4D               [ 1]   64 	tnz	a
      000004 27 03            [ 1]   65 	jreq	__sdcc_init_data
      000006 CCr00r04         [ 2]   66 	jp	__sdcc_program_startup
      000009                         67 __sdcc_init_data:
                                     68 ; stm8_genXINIT() start
      000009 AEr00r00         [ 2]   69 	ldw x, #l_DATA
      00000C 27 07            [ 1]   70 	jreq	00002$
      00000E                         71 00001$:
      00000E 72 4FuFFuFF      [ 1]   72 	clr (s_DATA - 1, x)
      000012 5A               [ 2]   73 	decw x
      000013 26 F9            [ 1]   74 	jrne	00001$
      000015                         75 00002$:
      000015 AEr00r00         [ 2]   76 	ldw	x, #l_INITIALIZER
      000018 27 09            [ 1]   77 	jreq	00004$
      00001A                         78 00003$:
      00001A D6uFFuFF         [ 1]   79 	ld	a, (s_INITIALIZER - 1, x)
      00001D D7uFFuFF         [ 1]   80 	ld	(s_INITIALIZED - 1, x), a
      000020 5A               [ 2]   81 	decw	x
      000021 26 F7            [ 1]   82 	jrne	00003$
      000023                         83 00004$:
                                     84 ; stm8_genXINIT() end
                                     85 	.area GSFINAL
      000000 CCr00r04         [ 2]   86 	jp	__sdcc_program_startup
                                     87 ;--------------------------------------------------------
                                     88 ; Home
                                     89 ;--------------------------------------------------------
                                     90 	.area HOME
                                     91 	.area HOME
      000004                         92 __sdcc_program_startup:
      000004 CCr00r00         [ 2]   93 	jp	_main
                                     94 ;	return from main will return to caller
                                     95 ;--------------------------------------------------------
                                     96 ; code
                                     97 ;--------------------------------------------------------
                                     98 	.area CODE
                                     99 ;	main.c: 4: void main(void)
                                    100 ;	-----------------------------------------
                                    101 ;	 function main
                                    102 ;	-----------------------------------------
      000000                        103 _main:
                                    104 ;	main.c: 7: CLK_HSIPrescalerConfig(CLK_PRESCALER_HSIDIV1);
      000000 4F               [ 1]  105 	clr	a
      000001 CDr00r00         [ 4]  106 	call	_CLK_HSIPrescalerConfig
                                    107 ;	main.c: 8: GPIO_DeInit(GPIOB); 	/*CLEAR REGISTER GPIO OR RESET VALUE*/
      000004 AE 50 05         [ 2]  108 	ldw	x, #0x5005
      000007 CDr00r00         [ 4]  109 	call	_GPIO_DeInit
                                    110 ;	main.c: 9: GPIO_Init(GPIOB, GPIO_PIN_4, GPIO_MODE_OUT_PP_LOW_FAST);
      00000A 4B E0            [ 1]  111 	push	#0xe0
      00000C A6 10            [ 1]  112 	ld	a, #0x10
      00000E AE 50 05         [ 2]  113 	ldw	x, #0x5005
      000011 CDr00r00         [ 4]  114 	call	_GPIO_Init
                                    115 ;	main.c: 10: TIM4_TimeBaseInit(TIM4_PRESCALER_128, 125 - 1);
      000014 4B 7C            [ 1]  116 	push	#0x7c
      000016 A6 07            [ 1]  117 	ld	a, #0x07
      000018 CDr00r00         [ 4]  118 	call	_TIM4_TimeBaseInit
                                    119 ;	main.c: 11: TIM4_Cmd(ENABLE);
      00001B A6 01            [ 1]  120 	ld	a, #0x01
      00001D CDr00r00         [ 4]  121 	call	_TIM4_Cmd
                                    122 ;	main.c: 13: while(1) {
      000020                        123 00102$:
                                    124 ;	main.c: 14: delay_ms(100);
      000020 AE 00 64         [ 2]  125 	ldw	x, #0x0064
      000023 CDr00r31         [ 4]  126 	call	_delay_ms
                                    127 ;	main.c: 15: GPIO_WriteReverse(GPIOB, GPIO_PIN_4);	/*Nhap nhay LED tai chan PD3*/
      000026 A6 10            [ 1]  128 	ld	a, #0x10
      000028 AE 50 05         [ 2]  129 	ldw	x, #0x5005
      00002B CDr00r00         [ 4]  130 	call	_GPIO_WriteReverse
      00002E 20 F0            [ 2]  131 	jra	00102$
                                    132 ;	main.c: 17: }
      000030 81               [ 4]  133 	ret
                                    134 ;	main.c: 19: void delay_ms(uint16_t u16Delay)
                                    135 ;	-----------------------------------------
                                    136 ;	 function delay_ms
                                    137 ;	-----------------------------------------
      000031                        138 _delay_ms:
      000031 52 02            [ 2]  139 	sub	sp, #2
                                    140 ;	main.c: 22: while (u16Delay) {
      000033 1F 01            [ 2]  141 	ldw	(0x01, sp), x
      000035                        142 00104$:
      000035 1E 01            [ 2]  143 	ldw	x, (0x01, sp)
      000037 27 18            [ 1]  144 	jreq	00107$
                                    145 ;	main.c: 23: TIM4_SetCounter(0);
      000039 4F               [ 1]  146 	clr	a
      00003A CDr00r00         [ 4]  147 	call	_TIM4_SetCounter
                                    148 ;	main.c: 24: TIM4_ClearFlag(TIM4_FLAG_UPDATE);
      00003D A6 01            [ 1]  149 	ld	a, #0x01
      00003F CDr00r00         [ 4]  150 	call	_TIM4_ClearFlag
                                    151 ;	main.c: 25: while (TIM4_GetFlagStatus(TIM4_FLAG_UPDATE) == RESET) {
      000042                        152 00101$:
      000042 A6 01            [ 1]  153 	ld	a, #0x01
      000044 CDr00r00         [ 4]  154 	call	_TIM4_GetFlagStatus
      000047 4D               [ 1]  155 	tnz	a
      000048 27 F8            [ 1]  156 	jreq	00101$
                                    157 ;	main.c: 27: --u16Delay;
      00004A 1E 01            [ 2]  158 	ldw	x, (0x01, sp)
      00004C 5A               [ 2]  159 	decw	x
      00004D 1F 01            [ 2]  160 	ldw	(0x01, sp), x
      00004F 20 E4            [ 2]  161 	jra	00104$
      000051                        162 00107$:
                                    163 ;	main.c: 29: }
      000051 5B 02            [ 2]  164 	addw	sp, #2
      000053 81               [ 4]  165 	ret
                                    166 	.area CODE
                                    167 	.area CONST
                                    168 	.area INITIALIZER
                                    169 	.area CABS (ABS)
