                                      1 ;--------------------------------------------------------
                                      2 ; File Created by SDCC : free open source ISO C Compiler 
                                      3 ; Version 4.3.0 #14184 (MINGW64)
                                      4 ;--------------------------------------------------------
                                      5 	.module mylibrary
                                      6 	.optsdcc -mstm8
                                      7 	
                                      8 ;--------------------------------------------------------
                                      9 ; Public variables in this module
                                     10 ;--------------------------------------------------------
                                     11 	.globl _UART1_receive
                                     12 	.globl _UART1_GetFlagStatus
                                     13 	.globl _UART1_SendData8
                                     14 	.globl _UART1_Cmd
                                     15 	.globl _UART1_Init
                                     16 	.globl _UART1_DeInit
                                     17 	.globl _TIM4_ClearFlag
                                     18 	.globl _TIM4_GetFlagStatus
                                     19 	.globl _TIM4_SetCounter
                                     20 	.globl _TIM4_Cmd
                                     21 	.globl _TIM4_TimeBaseInit
                                     22 	.globl _data
                                     23 	.globl _delay_msSetup
                                     24 	.globl _delay_ms
                                     25 	.globl _UART1_Setup
                                     26 	.globl _UART1_number
                                     27 	.globl _UART1_String
                                     28 ;--------------------------------------------------------
                                     29 ; ram data
                                     30 ;--------------------------------------------------------
                                     31 	.area DATA
                                     32 ;--------------------------------------------------------
                                     33 ; ram data
                                     34 ;--------------------------------------------------------
                                     35 	.area INITIALIZED
      000000                         36 _data::
      000000                         37 	.ds 1
                                     38 ;--------------------------------------------------------
                                     39 ; absolute external ram data
                                     40 ;--------------------------------------------------------
                                     41 	.area DABS (ABS)
                                     42 
                                     43 ; default segment ordering for linker
                                     44 	.area HOME
                                     45 	.area GSINIT
                                     46 	.area GSFINAL
                                     47 	.area CONST
                                     48 	.area INITIALIZER
                                     49 	.area CODE
                                     50 
                                     51 ;--------------------------------------------------------
                                     52 ; global & static initialisations
                                     53 ;--------------------------------------------------------
                                     54 	.area HOME
                                     55 	.area GSINIT
                                     56 	.area GSFINAL
                                     57 	.area GSINIT
                                     58 ;--------------------------------------------------------
                                     59 ; Home
                                     60 ;--------------------------------------------------------
                                     61 	.area HOME
                                     62 	.area HOME
                                     63 ;--------------------------------------------------------
                                     64 ; code
                                     65 ;--------------------------------------------------------
                                     66 	.area CODE
                                     67 ;	mylibrary.c: 4: void delay_msSetup(void)
                                     68 ;	-----------------------------------------
                                     69 ;	 function delay_msSetup
                                     70 ;	-----------------------------------------
      000000                         71 _delay_msSetup:
                                     72 ;	mylibrary.c: 6: TIM4_TimeBaseInit(TIM4_PRESCALER_128, 125 - 1);
      000000 4B 7C            [ 1]   73 	push	#0x7c
      000002 A6 07            [ 1]   74 	ld	a, #0x07
      000004 CDr00r00         [ 4]   75 	call	_TIM4_TimeBaseInit
                                     76 ;	mylibrary.c: 7: TIM4_Cmd(ENABLE);
      000007 A6 01            [ 1]   77 	ld	a, #0x01
                                     78 ;	mylibrary.c: 8: }
      000009 CCr00r00         [ 2]   79 	jp	_TIM4_Cmd
                                     80 ;	mylibrary.c: 9: void delay_ms(uint16_t u16Delay)
                                     81 ;	-----------------------------------------
                                     82 ;	 function delay_ms
                                     83 ;	-----------------------------------------
      00000C                         84 _delay_ms:
      00000C 52 02            [ 2]   85 	sub	sp, #2
                                     86 ;	mylibrary.c: 11: while (u16Delay) {
      00000E 1F 01            [ 2]   87 	ldw	(0x01, sp), x
      000010                         88 00104$:
      000010 1E 01            [ 2]   89 	ldw	x, (0x01, sp)
      000012 27 18            [ 1]   90 	jreq	00107$
                                     91 ;	mylibrary.c: 12: TIM4_SetCounter(0);
      000014 4F               [ 1]   92 	clr	a
      000015 CDr00r00         [ 4]   93 	call	_TIM4_SetCounter
                                     94 ;	mylibrary.c: 13: TIM4_ClearFlag(TIM4_FLAG_UPDATE);
      000018 A6 01            [ 1]   95 	ld	a, #0x01
      00001A CDr00r00         [ 4]   96 	call	_TIM4_ClearFlag
                                     97 ;	mylibrary.c: 14: while (TIM4_GetFlagStatus(TIM4_FLAG_UPDATE) == RESET) {}
      00001D                         98 00101$:
      00001D A6 01            [ 1]   99 	ld	a, #0x01
      00001F CDr00r00         [ 4]  100 	call	_TIM4_GetFlagStatus
      000022 4D               [ 1]  101 	tnz	a
      000023 27 F8            [ 1]  102 	jreq	00101$
                                    103 ;	mylibrary.c: 15: --u16Delay;
      000025 1E 01            [ 2]  104 	ldw	x, (0x01, sp)
      000027 5A               [ 2]  105 	decw	x
      000028 1F 01            [ 2]  106 	ldw	(0x01, sp), x
      00002A 20 E4            [ 2]  107 	jra	00104$
      00002C                        108 00107$:
                                    109 ;	mylibrary.c: 17: }
      00002C 5B 02            [ 2]  110 	addw	sp, #2
      00002E 81               [ 4]  111 	ret
                                    112 ;	mylibrary.c: 22: void UART1_Setup(void)
                                    113 ;	-----------------------------------------
                                    114 ;	 function UART1_Setup
                                    115 ;	-----------------------------------------
      00002F                        116 _UART1_Setup:
                                    117 ;	mylibrary.c: 24: UART1_DeInit();
      00002F CDr00r00         [ 4]  118 	call	_UART1_DeInit
                                    119 ;	mylibrary.c: 25: UART1_Init(9600, UART1_WORDLENGTH_8D, UART1_STOPBITS_1, 
      000032 4B 0C            [ 1]  120 	push	#0x0c
      000034 4B 80            [ 1]  121 	push	#0x80
      000036 4B 00            [ 1]  122 	push	#0x00
      000038 4B 00            [ 1]  123 	push	#0x00
      00003A 4B 00            [ 1]  124 	push	#0x00
      00003C 4B 80            [ 1]  125 	push	#0x80
      00003E 4B 25            [ 1]  126 	push	#0x25
      000040 5F               [ 1]  127 	clrw	x
      000041 89               [ 2]  128 	pushw	x
      000042 CDr00r00         [ 4]  129 	call	_UART1_Init
                                    130 ;	mylibrary.c: 28: UART1_Cmd(ENABLE);
      000045 A6 01            [ 1]  131 	ld	a, #0x01
                                    132 ;	mylibrary.c: 29: }
      000047 CCr00r00         [ 2]  133 	jp	_UART1_Cmd
                                    134 ;	mylibrary.c: 30: void UART1_number(int number)
                                    135 ;	-----------------------------------------
                                    136 ;	 function UART1_number
                                    137 ;	-----------------------------------------
      00004A                        138 _UART1_number:
      00004A 52 0A            [ 2]  139 	sub	sp, #10
      00004C 1F 08            [ 2]  140 	ldw	(0x08, sp), x
                                    141 ;	mylibrary.c: 33: char digit[5] = "";
      00004E 0F 03            [ 1]  142 	clr	(0x03, sp)
      000050 0F 04            [ 1]  143 	clr	(0x04, sp)
      000052 0F 05            [ 1]  144 	clr	(0x05, sp)
      000054 0F 06            [ 1]  145 	clr	(0x06, sp)
      000056 0F 07            [ 1]  146 	clr	(0x07, sp)
                                    147 ;	mylibrary.c: 34: while(number != 0)
      000058 0F 0A            [ 1]  148 	clr	(0x0a, sp)
      00005A                        149 00101$:
      00005A 1E 08            [ 2]  150 	ldw	x, (0x08, sp)
      00005C 27 2C            [ 1]  151 	jreq	00117$
                                    152 ;	mylibrary.c: 36: digit[count] = number%10;   //lay chu so ngoai cung xxxx8;
      00005E 5F               [ 1]  153 	clrw	x
      00005F 7B 0A            [ 1]  154 	ld	a, (0x0a, sp)
      000061 97               [ 1]  155 	ld	xl, a
      000062 89               [ 2]  156 	pushw	x
      000063 96               [ 1]  157 	ldw	x, sp
      000064 1C 00 05         [ 2]  158 	addw	x, #5
      000067 72 FB 01         [ 2]  159 	addw	x, (1, sp)
      00006A 1F 03            [ 2]  160 	ldw	(0x03, sp), x
      00006C 5B 02            [ 2]  161 	addw	sp, #2
      00006E 4B 0A            [ 1]  162 	push	#0x0a
      000070 4B 00            [ 1]  163 	push	#0x00
      000072 1E 0A            [ 2]  164 	ldw	x, (0x0a, sp)
      000074 CDr00r00         [ 4]  165 	call	__modsint
      000077 9F               [ 1]  166 	ld	a, xl
      000078 1E 01            [ 2]  167 	ldw	x, (0x01, sp)
      00007A F7               [ 1]  168 	ld	(x), a
                                    169 ;	mylibrary.c: 37: count++;
      00007B 0C 0A            [ 1]  170 	inc	(0x0a, sp)
                                    171 ;	mylibrary.c: 38: number = number/10;         //chia so number cho 10 de bo so ngoai cung xxxx
      00007D 4B 0A            [ 1]  172 	push	#0x0a
      00007F 4B 00            [ 1]  173 	push	#0x00
      000081 1E 0A            [ 2]  174 	ldw	x, (0x0a, sp)
      000083 CDr00r00         [ 4]  175 	call	__divsint
      000086 1F 08            [ 2]  176 	ldw	(0x08, sp), x
      000088 20 D0            [ 2]  177 	jra	00101$
                                    178 ;	mylibrary.c: 40: while (count!=0)
      00008A                        179 00117$:
      00008A                        180 00107$:
      00008A 0D 0A            [ 1]  181 	tnz	(0x0a, sp)
      00008C 27 25            [ 1]  182 	jreq	00110$
                                    183 ;	mylibrary.c: 42: UART1_SendData8(digit[count - 1] + 0x30); // 0x30 = 48 ;
      00008E 7B 0A            [ 1]  184 	ld	a, (0x0a, sp)
      000090 4A               [ 1]  185 	dec	a
      000091 6B 02            [ 1]  186 	ld	(0x02, sp), a
      000093 49               [ 1]  187 	rlc	a
      000094 4F               [ 1]  188 	clr	a
      000095 A2 00            [ 1]  189 	sbc	a, #0x00
      000097 6B 01            [ 1]  190 	ld	(0x01, sp), a
      000099 96               [ 1]  191 	ldw	x, sp
      00009A 1C 00 03         [ 2]  192 	addw	x, #3
      00009D 72 FB 01         [ 2]  193 	addw	x, (0x01, sp)
      0000A0 F6               [ 1]  194 	ld	a, (x)
      0000A1 AB 30            [ 1]  195 	add	a, #0x30
      0000A3 CDr00r00         [ 4]  196 	call	_UART1_SendData8
                                    197 ;	mylibrary.c: 43: while(UART1_GetFlagStatus(UART1_FLAG_TXE) == RESET);
      0000A6                        198 00104$:
      0000A6 AE 00 80         [ 2]  199 	ldw	x, #0x0080
      0000A9 CDr00r00         [ 4]  200 	call	_UART1_GetFlagStatus
      0000AC 4D               [ 1]  201 	tnz	a
      0000AD 27 F7            [ 1]  202 	jreq	00104$
                                    203 ;	mylibrary.c: 45: count--;
      0000AF 0A 0A            [ 1]  204 	dec	(0x0a, sp)
      0000B1 20 D7            [ 2]  205 	jra	00107$
      0000B3                        206 00110$:
                                    207 ;	mylibrary.c: 47: }
      0000B3 5B 0A            [ 2]  208 	addw	sp, #10
      0000B5 81               [ 4]  209 	ret
                                    210 ;	mylibrary.c: 48: char UART1_receive()
                                    211 ;	-----------------------------------------
                                    212 ;	 function UART1_receive
                                    213 ;	-----------------------------------------
      0000B6                        214 _UART1_receive:
                                    215 ;	mylibrary.c: 53: return data;
      0000B6 C6u00u00         [ 1]  216 	ld	a, _data+0
                                    217 ;	mylibrary.c: 54: }
      0000B9 81               [ 4]  218 	ret
                                    219 ;	mylibrary.c: 55: void UART1_String(const char *cy)
                                    220 ;	-----------------------------------------
                                    221 ;	 function UART1_String
                                    222 ;	-----------------------------------------
      0000BA                        223 _UART1_String:
                                    224 ;	mylibrary.c: 57: while(*cy)
      0000BA                        225 00104$:
      0000BA F6               [ 1]  226 	ld	a, (x)
      0000BB 26 01            [ 1]  227 	jrne	00130$
      0000BD 81               [ 4]  228 	ret
      0000BE                        229 00130$:
                                    230 ;	mylibrary.c: 59: UART1_SendData8(*cy);
      0000BE 89               [ 2]  231 	pushw	x
      0000BF CDr00r00         [ 4]  232 	call	_UART1_SendData8
      0000C2 85               [ 2]  233 	popw	x
                                    234 ;	mylibrary.c: 60: while(UART1_GetFlagStatus(UART1_FLAG_TXE)==0){}
      0000C3                        235 00101$:
      0000C3 89               [ 2]  236 	pushw	x
      0000C4 AE 00 80         [ 2]  237 	ldw	x, #0x0080
      0000C7 CDr00r00         [ 4]  238 	call	_UART1_GetFlagStatus
      0000CA 85               [ 2]  239 	popw	x
      0000CB 4D               [ 1]  240 	tnz	a
      0000CC 27 F5            [ 1]  241 	jreq	00101$
                                    242 ;	mylibrary.c: 62: cy++;
      0000CE 5C               [ 1]  243 	incw	x
      0000CF 20 E9            [ 2]  244 	jra	00104$
                                    245 ;	mylibrary.c: 64: }
      0000D1 81               [ 4]  246 	ret
                                    247 	.area CODE
                                    248 	.area CONST
                                    249 	.area INITIALIZER
      000000                        250 __xinit__data:
      000000 00                     251 	.db #0x00	; 0
                                    252 	.area CABS (ABS)
