                                      1 ;--------------------------------------------------------
                                      2 ; File Created by SDCC : free open source ISO C Compiler 
                                      3 ; Version 4.3.0 #14184 (MINGW64)
                                      4 ;--------------------------------------------------------
                                      5 	.module stm8s_adc1
                                      6 	.optsdcc -mstm8
                                      7 	
                                      8 ;--------------------------------------------------------
                                      9 ; Public variables in this module
                                     10 ;--------------------------------------------------------
                                     11 	.globl _ADC1_DeInit
                                     12 	.globl _ADC1_Init
                                     13 	.globl _ADC1_Cmd
                                     14 	.globl _ADC1_ScanModeCmd
                                     15 	.globl _ADC1_DataBufferCmd
                                     16 	.globl _ADC1_ITConfig
                                     17 	.globl _ADC1_PrescalerConfig
                                     18 	.globl _ADC1_SchmittTriggerConfig
                                     19 	.globl _ADC1_ConversionConfig
                                     20 	.globl _ADC1_ExternalTriggerConfig
                                     21 	.globl _ADC1_StartConversion
                                     22 	.globl _ADC1_GetConversionValue
                                     23 	.globl _ADC1_AWDChannelConfig
                                     24 	.globl _ADC1_SetHighThreshold
                                     25 	.globl _ADC1_SetLowThreshold
                                     26 	.globl _ADC1_GetBufferValue
                                     27 	.globl _ADC1_GetAWDChannelStatus
                                     28 	.globl _ADC1_GetFlagStatus
                                     29 	.globl _ADC1_ClearFlag
                                     30 	.globl _ADC1_GetITStatus
                                     31 	.globl _ADC1_ClearITPendingBit
                                     32 ;--------------------------------------------------------
                                     33 ; ram data
                                     34 ;--------------------------------------------------------
                                     35 	.area DATA
                                     36 ;--------------------------------------------------------
                                     37 ; ram data
                                     38 ;--------------------------------------------------------
                                     39 	.area INITIALIZED
                                     40 ;--------------------------------------------------------
                                     41 ; absolute external ram data
                                     42 ;--------------------------------------------------------
                                     43 	.area DABS (ABS)
                                     44 
                                     45 ; default segment ordering for linker
                                     46 	.area HOME
                                     47 	.area GSINIT
                                     48 	.area GSFINAL
                                     49 	.area CONST
                                     50 	.area INITIALIZER
                                     51 	.area CODE
                                     52 
                                     53 ;--------------------------------------------------------
                                     54 ; global & static initialisations
                                     55 ;--------------------------------------------------------
                                     56 	.area HOME
                                     57 	.area GSINIT
                                     58 	.area GSFINAL
                                     59 	.area GSINIT
                                     60 ;--------------------------------------------------------
                                     61 ; Home
                                     62 ;--------------------------------------------------------
                                     63 	.area HOME
                                     64 	.area HOME
                                     65 ;--------------------------------------------------------
                                     66 ; code
                                     67 ;--------------------------------------------------------
                                     68 	.area CODE
                                     69 ;	lib/src/stm8s_adc1.c: 52: void ADC1_DeInit(void)
                                     70 ;	-----------------------------------------
                                     71 ;	 function ADC1_DeInit
                                     72 ;	-----------------------------------------
      000000                         73 _ADC1_DeInit:
                                     74 ;	lib/src/stm8s_adc1.c: 54: ADC1->CSR  = ADC1_CSR_RESET_VALUE;
      000000 35 00 54 00      [ 1]   75 	mov	0x5400+0, #0x00
                                     76 ;	lib/src/stm8s_adc1.c: 55: ADC1->CR1  = ADC1_CR1_RESET_VALUE;
      000004 35 00 54 01      [ 1]   77 	mov	0x5401+0, #0x00
                                     78 ;	lib/src/stm8s_adc1.c: 56: ADC1->CR2  = ADC1_CR2_RESET_VALUE;
      000008 35 00 54 02      [ 1]   79 	mov	0x5402+0, #0x00
                                     80 ;	lib/src/stm8s_adc1.c: 57: ADC1->CR3  = ADC1_CR3_RESET_VALUE;
      00000C 35 00 54 03      [ 1]   81 	mov	0x5403+0, #0x00
                                     82 ;	lib/src/stm8s_adc1.c: 58: ADC1->TDRH = ADC1_TDRH_RESET_VALUE;
      000010 35 00 54 06      [ 1]   83 	mov	0x5406+0, #0x00
                                     84 ;	lib/src/stm8s_adc1.c: 59: ADC1->TDRL = ADC1_TDRL_RESET_VALUE;
      000014 35 00 54 07      [ 1]   85 	mov	0x5407+0, #0x00
                                     86 ;	lib/src/stm8s_adc1.c: 60: ADC1->HTRH = ADC1_HTRH_RESET_VALUE;
      000018 35 FF 54 08      [ 1]   87 	mov	0x5408+0, #0xff
                                     88 ;	lib/src/stm8s_adc1.c: 61: ADC1->HTRL = ADC1_HTRL_RESET_VALUE;
      00001C 35 03 54 09      [ 1]   89 	mov	0x5409+0, #0x03
                                     90 ;	lib/src/stm8s_adc1.c: 62: ADC1->LTRH = ADC1_LTRH_RESET_VALUE;
      000020 35 00 54 0A      [ 1]   91 	mov	0x540a+0, #0x00
                                     92 ;	lib/src/stm8s_adc1.c: 63: ADC1->LTRL = ADC1_LTRL_RESET_VALUE;
      000024 35 00 54 0B      [ 1]   93 	mov	0x540b+0, #0x00
                                     94 ;	lib/src/stm8s_adc1.c: 64: ADC1->AWCRH = ADC1_AWCRH_RESET_VALUE;
      000028 35 00 54 0E      [ 1]   95 	mov	0x540e+0, #0x00
                                     96 ;	lib/src/stm8s_adc1.c: 65: ADC1->AWCRL = ADC1_AWCRL_RESET_VALUE;
      00002C 35 00 54 0F      [ 1]   97 	mov	0x540f+0, #0x00
                                     98 ;	lib/src/stm8s_adc1.c: 66: }
      000030 81               [ 4]   99 	ret
                                    100 ;	lib/src/stm8s_adc1.c: 88: void ADC1_Init(ADC1_ConvMode_TypeDef ADC1_ConversionMode, ADC1_Channel_TypeDef ADC1_Channel, ADC1_PresSel_TypeDef ADC1_PrescalerSelection, ADC1_ExtTrig_TypeDef ADC1_ExtTrigger, FunctionalState ADC1_ExtTriggerState, ADC1_Align_TypeDef ADC1_Align, ADC1_SchmittTrigg_TypeDef ADC1_SchmittTriggerChannel, FunctionalState ADC1_SchmittTriggerState)
                                    101 ;	-----------------------------------------
                                    102 ;	 function ADC1_Init
                                    103 ;	-----------------------------------------
      000031                        104 _ADC1_Init:
      000031 97               [ 1]  105 	ld	xl, a
                                    106 ;	lib/src/stm8s_adc1.c: 103: ADC1_ConversionConfig(ADC1_ConversionMode, ADC1_Channel, ADC1_Align);
      000032 7B 07            [ 1]  107 	ld	a, (0x07, sp)
      000034 88               [ 1]  108 	push	a
      000035 7B 04            [ 1]  109 	ld	a, (0x04, sp)
      000037 88               [ 1]  110 	push	a
      000038 9F               [ 1]  111 	ld	a, xl
      000039 CDr01r54         [ 4]  112 	call	_ADC1_ConversionConfig
                                    113 ;	lib/src/stm8s_adc1.c: 105: ADC1_PrescalerConfig(ADC1_PrescalerSelection);
      00003C 7B 04            [ 1]  114 	ld	a, (0x04, sp)
      00003E CDr00rC5         [ 4]  115 	call	_ADC1_PrescalerConfig
                                    116 ;	lib/src/stm8s_adc1.c: 110: ADC1_ExternalTriggerConfig(ADC1_ExtTrigger, ADC1_ExtTriggerState);
      000041 7B 06            [ 1]  117 	ld	a, (0x06, sp)
      000043 88               [ 1]  118 	push	a
      000044 7B 06            [ 1]  119 	ld	a, (0x06, sp)
      000046 CDr01r8B         [ 4]  120 	call	_ADC1_ExternalTriggerConfig
                                    121 ;	lib/src/stm8s_adc1.c: 115: ADC1_SchmittTriggerConfig(ADC1_SchmittTriggerChannel, ADC1_SchmittTriggerState);
      000049 7B 09            [ 1]  122 	ld	a, (0x09, sp)
      00004B 88               [ 1]  123 	push	a
      00004C 7B 09            [ 1]  124 	ld	a, (0x09, sp)
      00004E CDr00rDA         [ 4]  125 	call	_ADC1_SchmittTriggerConfig
                                    126 ;	lib/src/stm8s_adc1.c: 118: ADC1->CR1 |= ADC1_CR1_ADON;
      000051 C6 54 01         [ 1]  127 	ld	a, 0x5401
      000054 AA 01            [ 1]  128 	or	a, #0x01
      000056 C7 54 01         [ 1]  129 	ld	0x5401, a
                                    130 ;	lib/src/stm8s_adc1.c: 119: }
      000059 1E 01            [ 2]  131 	ldw	x, (1, sp)
      00005B 5B 09            [ 2]  132 	addw	sp, #9
      00005D FC               [ 2]  133 	jp	(x)
                                    134 ;	lib/src/stm8s_adc1.c: 126: void ADC1_Cmd(FunctionalState NewState)
                                    135 ;	-----------------------------------------
                                    136 ;	 function ADC1_Cmd
                                    137 ;	-----------------------------------------
      00005E                        138 _ADC1_Cmd:
      00005E 88               [ 1]  139 	push	a
      00005F 6B 01            [ 1]  140 	ld	(0x01, sp), a
                                    141 ;	lib/src/stm8s_adc1.c: 133: ADC1->CR1 |= ADC1_CR1_ADON;
      000061 C6 54 01         [ 1]  142 	ld	a, 0x5401
                                    143 ;	lib/src/stm8s_adc1.c: 131: if (NewState != DISABLE)
      000064 0D 01            [ 1]  144 	tnz	(0x01, sp)
      000066 27 07            [ 1]  145 	jreq	00102$
                                    146 ;	lib/src/stm8s_adc1.c: 133: ADC1->CR1 |= ADC1_CR1_ADON;
      000068 AA 01            [ 1]  147 	or	a, #0x01
      00006A C7 54 01         [ 1]  148 	ld	0x5401, a
      00006D 20 05            [ 2]  149 	jra	00104$
      00006F                        150 00102$:
                                    151 ;	lib/src/stm8s_adc1.c: 137: ADC1->CR1 &= (uint8_t)(~ADC1_CR1_ADON);
      00006F A4 FE            [ 1]  152 	and	a, #0xfe
      000071 C7 54 01         [ 1]  153 	ld	0x5401, a
      000074                        154 00104$:
                                    155 ;	lib/src/stm8s_adc1.c: 139: }
      000074 84               [ 1]  156 	pop	a
      000075 81               [ 4]  157 	ret
                                    158 ;	lib/src/stm8s_adc1.c: 146: void ADC1_ScanModeCmd(FunctionalState NewState)
                                    159 ;	-----------------------------------------
                                    160 ;	 function ADC1_ScanModeCmd
                                    161 ;	-----------------------------------------
      000076                        162 _ADC1_ScanModeCmd:
      000076 88               [ 1]  163 	push	a
      000077 6B 01            [ 1]  164 	ld	(0x01, sp), a
                                    165 ;	lib/src/stm8s_adc1.c: 153: ADC1->CR2 |= ADC1_CR2_SCAN;
      000079 C6 54 02         [ 1]  166 	ld	a, 0x5402
                                    167 ;	lib/src/stm8s_adc1.c: 151: if (NewState != DISABLE)
      00007C 0D 01            [ 1]  168 	tnz	(0x01, sp)
      00007E 27 07            [ 1]  169 	jreq	00102$
                                    170 ;	lib/src/stm8s_adc1.c: 153: ADC1->CR2 |= ADC1_CR2_SCAN;
      000080 AA 02            [ 1]  171 	or	a, #0x02
      000082 C7 54 02         [ 1]  172 	ld	0x5402, a
      000085 20 05            [ 2]  173 	jra	00104$
      000087                        174 00102$:
                                    175 ;	lib/src/stm8s_adc1.c: 157: ADC1->CR2 &= (uint8_t)(~ADC1_CR2_SCAN);
      000087 A4 FD            [ 1]  176 	and	a, #0xfd
      000089 C7 54 02         [ 1]  177 	ld	0x5402, a
      00008C                        178 00104$:
                                    179 ;	lib/src/stm8s_adc1.c: 159: }
      00008C 84               [ 1]  180 	pop	a
      00008D 81               [ 4]  181 	ret
                                    182 ;	lib/src/stm8s_adc1.c: 166: void ADC1_DataBufferCmd(FunctionalState NewState)
                                    183 ;	-----------------------------------------
                                    184 ;	 function ADC1_DataBufferCmd
                                    185 ;	-----------------------------------------
      00008E                        186 _ADC1_DataBufferCmd:
      00008E 88               [ 1]  187 	push	a
      00008F 6B 01            [ 1]  188 	ld	(0x01, sp), a
                                    189 ;	lib/src/stm8s_adc1.c: 173: ADC1->CR3 |= ADC1_CR3_DBUF;
      000091 C6 54 03         [ 1]  190 	ld	a, 0x5403
                                    191 ;	lib/src/stm8s_adc1.c: 171: if (NewState != DISABLE)
      000094 0D 01            [ 1]  192 	tnz	(0x01, sp)
      000096 27 07            [ 1]  193 	jreq	00102$
                                    194 ;	lib/src/stm8s_adc1.c: 173: ADC1->CR3 |= ADC1_CR3_DBUF;
      000098 AA 80            [ 1]  195 	or	a, #0x80
      00009A C7 54 03         [ 1]  196 	ld	0x5403, a
      00009D 20 05            [ 2]  197 	jra	00104$
      00009F                        198 00102$:
                                    199 ;	lib/src/stm8s_adc1.c: 177: ADC1->CR3 &= (uint8_t)(~ADC1_CR3_DBUF);
      00009F A4 7F            [ 1]  200 	and	a, #0x7f
      0000A1 C7 54 03         [ 1]  201 	ld	0x5403, a
      0000A4                        202 00104$:
                                    203 ;	lib/src/stm8s_adc1.c: 179: }
      0000A4 84               [ 1]  204 	pop	a
      0000A5 81               [ 4]  205 	ret
                                    206 ;	lib/src/stm8s_adc1.c: 190: void ADC1_ITConfig(ADC1_IT_TypeDef ADC1_IT, FunctionalState NewState)
                                    207 ;	-----------------------------------------
                                    208 ;	 function ADC1_ITConfig
                                    209 ;	-----------------------------------------
      0000A6                        210 _ADC1_ITConfig:
      0000A6 52 02            [ 2]  211 	sub	sp, #2
      0000A8 6B 02            [ 1]  212 	ld	(0x02, sp), a
                                    213 ;	lib/src/stm8s_adc1.c: 199: ADC1->CSR |= (uint8_t)ADC1_IT;
      0000AA C6 54 00         [ 1]  214 	ld	a, 0x5400
      0000AD 6B 01            [ 1]  215 	ld	(0x01, sp), a
                                    216 ;	lib/src/stm8s_adc1.c: 196: if (NewState != DISABLE)
      0000AF 0D 02            [ 1]  217 	tnz	(0x02, sp)
      0000B1 27 08            [ 1]  218 	jreq	00102$
                                    219 ;	lib/src/stm8s_adc1.c: 199: ADC1->CSR |= (uint8_t)ADC1_IT;
      0000B3 9F               [ 1]  220 	ld	a, xl
      0000B4 1A 01            [ 1]  221 	or	a, (0x01, sp)
      0000B6 C7 54 00         [ 1]  222 	ld	0x5400, a
      0000B9 20 07            [ 2]  223 	jra	00104$
      0000BB                        224 00102$:
                                    225 ;	lib/src/stm8s_adc1.c: 204: ADC1->CSR &= (uint8_t)((uint16_t)~(uint16_t)ADC1_IT);
      0000BB 53               [ 2]  226 	cplw	x
      0000BC 9F               [ 1]  227 	ld	a, xl
      0000BD 14 01            [ 1]  228 	and	a, (0x01, sp)
      0000BF C7 54 00         [ 1]  229 	ld	0x5400, a
      0000C2                        230 00104$:
                                    231 ;	lib/src/stm8s_adc1.c: 206: }
      0000C2 5B 02            [ 2]  232 	addw	sp, #2
      0000C4 81               [ 4]  233 	ret
                                    234 ;	lib/src/stm8s_adc1.c: 214: void ADC1_PrescalerConfig(ADC1_PresSel_TypeDef ADC1_Prescaler)
                                    235 ;	-----------------------------------------
                                    236 ;	 function ADC1_PrescalerConfig
                                    237 ;	-----------------------------------------
      0000C5                        238 _ADC1_PrescalerConfig:
      0000C5 88               [ 1]  239 	push	a
      0000C6 6B 01            [ 1]  240 	ld	(0x01, sp), a
                                    241 ;	lib/src/stm8s_adc1.c: 220: ADC1->CR1 &= (uint8_t)(~ADC1_CR1_SPSEL);
      0000C8 C6 54 01         [ 1]  242 	ld	a, 0x5401
      0000CB A4 8F            [ 1]  243 	and	a, #0x8f
      0000CD C7 54 01         [ 1]  244 	ld	0x5401, a
                                    245 ;	lib/src/stm8s_adc1.c: 222: ADC1->CR1 |= (uint8_t)(ADC1_Prescaler);
      0000D0 C6 54 01         [ 1]  246 	ld	a, 0x5401
      0000D3 1A 01            [ 1]  247 	or	a, (0x01, sp)
      0000D5 C7 54 01         [ 1]  248 	ld	0x5401, a
                                    249 ;	lib/src/stm8s_adc1.c: 223: }
      0000D8 84               [ 1]  250 	pop	a
      0000D9 81               [ 4]  251 	ret
                                    252 ;	lib/src/stm8s_adc1.c: 233: void ADC1_SchmittTriggerConfig(ADC1_SchmittTrigg_TypeDef ADC1_SchmittTriggerChannel, FunctionalState NewState)
                                    253 ;	-----------------------------------------
                                    254 ;	 function ADC1_SchmittTriggerConfig
                                    255 ;	-----------------------------------------
      0000DA                        256 _ADC1_SchmittTriggerConfig:
      0000DA 88               [ 1]  257 	push	a
                                    258 ;	lib/src/stm8s_adc1.c: 239: if (ADC1_SchmittTriggerChannel == ADC1_SCHMITTTRIG_ALL)
      0000DB 97               [ 1]  259 	ld	xl, a
      0000DC 4C               [ 1]  260 	inc	a
      0000DD 26 21            [ 1]  261 	jrne	00114$
                                    262 ;	lib/src/stm8s_adc1.c: 243: ADC1->TDRL &= (uint8_t)0x0;
      0000DF C6 54 07         [ 1]  263 	ld	a, 0x5407
                                    264 ;	lib/src/stm8s_adc1.c: 241: if (NewState != DISABLE)
      0000E2 0D 04            [ 1]  265 	tnz	(0x04, sp)
      0000E4 27 0D            [ 1]  266 	jreq	00102$
                                    267 ;	lib/src/stm8s_adc1.c: 243: ADC1->TDRL &= (uint8_t)0x0;
      0000E6 35 00 54 07      [ 1]  268 	mov	0x5407+0, #0x00
                                    269 ;	lib/src/stm8s_adc1.c: 244: ADC1->TDRH &= (uint8_t)0x0;
      0000EA C6 54 06         [ 1]  270 	ld	a, 0x5406
      0000ED 35 00 54 06      [ 1]  271 	mov	0x5406+0, #0x00
      0000F1 20 5D            [ 2]  272 	jra	00116$
      0000F3                        273 00102$:
                                    274 ;	lib/src/stm8s_adc1.c: 248: ADC1->TDRL |= (uint8_t)0xFF;
      0000F3 35 FF 54 07      [ 1]  275 	mov	0x5407+0, #0xff
                                    276 ;	lib/src/stm8s_adc1.c: 249: ADC1->TDRH |= (uint8_t)0xFF;
      0000F7 C6 54 06         [ 1]  277 	ld	a, 0x5406
      0000FA 35 FF 54 06      [ 1]  278 	mov	0x5406+0, #0xff
      0000FE 20 50            [ 2]  279 	jra	00116$
      000100                        280 00114$:
                                    281 ;	lib/src/stm8s_adc1.c: 252: else if (ADC1_SchmittTriggerChannel < ADC1_SCHMITTTRIG_CHANNEL8)
      000100 9F               [ 1]  282 	ld	a, xl
      000101 A1 08            [ 1]  283 	cp	a, #0x08
      000103 24 25            [ 1]  284 	jrnc	00111$
                                    285 ;	lib/src/stm8s_adc1.c: 243: ADC1->TDRL &= (uint8_t)0x0;
      000105 C6 54 07         [ 1]  286 	ld	a, 0x5407
      000108 6B 01            [ 1]  287 	ld	(0x01, sp), a
                                    288 ;	lib/src/stm8s_adc1.c: 256: ADC1->TDRL &= (uint8_t)(~(uint8_t)((uint8_t)0x01 << (uint8_t)ADC1_SchmittTriggerChannel));
      00010A A6 01            [ 1]  289 	ld	a, #0x01
      00010C 88               [ 1]  290 	push	a
      00010D 9F               [ 1]  291 	ld	a, xl
      00010E 4D               [ 1]  292 	tnz	a
      00010F 27 05            [ 1]  293 	jreq	00149$
      000111                        294 00148$:
      000111 08 01            [ 1]  295 	sll	(1, sp)
      000113 4A               [ 1]  296 	dec	a
      000114 26 FB            [ 1]  297 	jrne	00148$
      000116                        298 00149$:
      000116 84               [ 1]  299 	pop	a
                                    300 ;	lib/src/stm8s_adc1.c: 254: if (NewState != DISABLE)
      000117 0D 04            [ 1]  301 	tnz	(0x04, sp)
      000119 27 08            [ 1]  302 	jreq	00105$
                                    303 ;	lib/src/stm8s_adc1.c: 256: ADC1->TDRL &= (uint8_t)(~(uint8_t)((uint8_t)0x01 << (uint8_t)ADC1_SchmittTriggerChannel));
      00011B 43               [ 1]  304 	cpl	a
      00011C 14 01            [ 1]  305 	and	a, (0x01, sp)
      00011E C7 54 07         [ 1]  306 	ld	0x5407, a
      000121 20 2D            [ 2]  307 	jra	00116$
      000123                        308 00105$:
                                    309 ;	lib/src/stm8s_adc1.c: 260: ADC1->TDRL |= (uint8_t)((uint8_t)0x01 << (uint8_t)ADC1_SchmittTriggerChannel);
      000123 1A 01            [ 1]  310 	or	a, (0x01, sp)
      000125 C7 54 07         [ 1]  311 	ld	0x5407, a
      000128 20 26            [ 2]  312 	jra	00116$
      00012A                        313 00111$:
                                    314 ;	lib/src/stm8s_adc1.c: 244: ADC1->TDRH &= (uint8_t)0x0;
      00012A C6 54 06         [ 1]  315 	ld	a, 0x5406
      00012D 6B 01            [ 1]  316 	ld	(0x01, sp), a
                                    317 ;	lib/src/stm8s_adc1.c: 267: ADC1->TDRH &= (uint8_t)(~(uint8_t)((uint8_t)0x01 << ((uint8_t)ADC1_SchmittTriggerChannel - (uint8_t)8)));
      00012F 1D 00 08         [ 2]  318 	subw	x, #8
      000132 A6 01            [ 1]  319 	ld	a, #0x01
      000134 88               [ 1]  320 	push	a
      000135 9F               [ 1]  321 	ld	a, xl
      000136 4D               [ 1]  322 	tnz	a
      000137 27 05            [ 1]  323 	jreq	00152$
      000139                        324 00151$:
      000139 08 01            [ 1]  325 	sll	(1, sp)
      00013B 4A               [ 1]  326 	dec	a
      00013C 26 FB            [ 1]  327 	jrne	00151$
      00013E                        328 00152$:
      00013E 84               [ 1]  329 	pop	a
                                    330 ;	lib/src/stm8s_adc1.c: 265: if (NewState != DISABLE)
      00013F 0D 04            [ 1]  331 	tnz	(0x04, sp)
      000141 27 08            [ 1]  332 	jreq	00108$
                                    333 ;	lib/src/stm8s_adc1.c: 267: ADC1->TDRH &= (uint8_t)(~(uint8_t)((uint8_t)0x01 << ((uint8_t)ADC1_SchmittTriggerChannel - (uint8_t)8)));
      000143 43               [ 1]  334 	cpl	a
      000144 14 01            [ 1]  335 	and	a, (0x01, sp)
      000146 C7 54 06         [ 1]  336 	ld	0x5406, a
      000149 20 05            [ 2]  337 	jra	00116$
      00014B                        338 00108$:
                                    339 ;	lib/src/stm8s_adc1.c: 271: ADC1->TDRH |= (uint8_t)((uint8_t)0x01 << ((uint8_t)ADC1_SchmittTriggerChannel - (uint8_t)8));
      00014B 1A 01            [ 1]  340 	or	a, (0x01, sp)
      00014D C7 54 06         [ 1]  341 	ld	0x5406, a
      000150                        342 00116$:
                                    343 ;	lib/src/stm8s_adc1.c: 274: }
      000150 84               [ 1]  344 	pop	a
      000151 85               [ 2]  345 	popw	x
      000152 84               [ 1]  346 	pop	a
      000153 FC               [ 2]  347 	jp	(x)
                                    348 ;	lib/src/stm8s_adc1.c: 286: void ADC1_ConversionConfig(ADC1_ConvMode_TypeDef ADC1_ConversionMode, ADC1_Channel_TypeDef ADC1_Channel, ADC1_Align_TypeDef ADC1_Align)
                                    349 ;	-----------------------------------------
                                    350 ;	 function ADC1_ConversionConfig
                                    351 ;	-----------------------------------------
      000154                        352 _ADC1_ConversionConfig:
      000154 88               [ 1]  353 	push	a
      000155 6B 01            [ 1]  354 	ld	(0x01, sp), a
                                    355 ;	lib/src/stm8s_adc1.c: 294: ADC1->CR2 &= (uint8_t)(~ADC1_CR2_ALIGN);
      000157 72 17 54 02      [ 1]  356 	bres	0x5402, #3
                                    357 ;	lib/src/stm8s_adc1.c: 296: ADC1->CR2 |= (uint8_t)(ADC1_Align);
      00015B C6 54 02         [ 1]  358 	ld	a, 0x5402
      00015E 1A 05            [ 1]  359 	or	a, (0x05, sp)
      000160 C7 54 02         [ 1]  360 	ld	0x5402, a
                                    361 ;	lib/src/stm8s_adc1.c: 301: ADC1->CR1 |= ADC1_CR1_CONT;
      000163 C6 54 01         [ 1]  362 	ld	a, 0x5401
                                    363 ;	lib/src/stm8s_adc1.c: 298: if (ADC1_ConversionMode == ADC1_CONVERSIONMODE_CONTINUOUS)
      000166 0D 01            [ 1]  364 	tnz	(0x01, sp)
      000168 27 07            [ 1]  365 	jreq	00102$
                                    366 ;	lib/src/stm8s_adc1.c: 301: ADC1->CR1 |= ADC1_CR1_CONT;
      00016A AA 02            [ 1]  367 	or	a, #0x02
      00016C C7 54 01         [ 1]  368 	ld	0x5401, a
      00016F 20 05            [ 2]  369 	jra	00103$
      000171                        370 00102$:
                                    371 ;	lib/src/stm8s_adc1.c: 306: ADC1->CR1 &= (uint8_t)(~ADC1_CR1_CONT);
      000171 A4 FD            [ 1]  372 	and	a, #0xfd
      000173 C7 54 01         [ 1]  373 	ld	0x5401, a
      000176                        374 00103$:
                                    375 ;	lib/src/stm8s_adc1.c: 310: ADC1->CSR &= (uint8_t)(~ADC1_CSR_CH);
      000176 C6 54 00         [ 1]  376 	ld	a, 0x5400
      000179 A4 F0            [ 1]  377 	and	a, #0xf0
      00017B C7 54 00         [ 1]  378 	ld	0x5400, a
                                    379 ;	lib/src/stm8s_adc1.c: 312: ADC1->CSR |= (uint8_t)(ADC1_Channel);
      00017E C6 54 00         [ 1]  380 	ld	a, 0x5400
      000181 1A 04            [ 1]  381 	or	a, (0x04, sp)
      000183 C7 54 00         [ 1]  382 	ld	0x5400, a
                                    383 ;	lib/src/stm8s_adc1.c: 313: }
      000186 1E 02            [ 2]  384 	ldw	x, (2, sp)
      000188 5B 05            [ 2]  385 	addw	sp, #5
      00018A FC               [ 2]  386 	jp	(x)
                                    387 ;	lib/src/stm8s_adc1.c: 325: void ADC1_ExternalTriggerConfig(ADC1_ExtTrig_TypeDef ADC1_ExtTrigger, FunctionalState NewState)
                                    388 ;	-----------------------------------------
                                    389 ;	 function ADC1_ExternalTriggerConfig
                                    390 ;	-----------------------------------------
      00018B                        391 _ADC1_ExternalTriggerConfig:
      00018B 88               [ 1]  392 	push	a
      00018C 6B 01            [ 1]  393 	ld	(0x01, sp), a
                                    394 ;	lib/src/stm8s_adc1.c: 332: ADC1->CR2 &= (uint8_t)(~ADC1_CR2_EXTSEL);
      00018E C6 54 02         [ 1]  395 	ld	a, 0x5402
      000191 A4 CF            [ 1]  396 	and	a, #0xcf
      000193 C7 54 02         [ 1]  397 	ld	0x5402, a
      000196 C6 54 02         [ 1]  398 	ld	a, 0x5402
                                    399 ;	lib/src/stm8s_adc1.c: 334: if (NewState != DISABLE)
      000199 0D 04            [ 1]  400 	tnz	(0x04, sp)
      00019B 27 07            [ 1]  401 	jreq	00102$
                                    402 ;	lib/src/stm8s_adc1.c: 337: ADC1->CR2 |= (uint8_t)(ADC1_CR2_EXTTRIG);
      00019D AA 40            [ 1]  403 	or	a, #0x40
      00019F C7 54 02         [ 1]  404 	ld	0x5402, a
      0001A2 20 05            [ 2]  405 	jra	00103$
      0001A4                        406 00102$:
                                    407 ;	lib/src/stm8s_adc1.c: 342: ADC1->CR2 &= (uint8_t)(~ADC1_CR2_EXTTRIG);
      0001A4 A4 BF            [ 1]  408 	and	a, #0xbf
      0001A6 C7 54 02         [ 1]  409 	ld	0x5402, a
      0001A9                        410 00103$:
                                    411 ;	lib/src/stm8s_adc1.c: 346: ADC1->CR2 |= (uint8_t)(ADC1_ExtTrigger);
      0001A9 C6 54 02         [ 1]  412 	ld	a, 0x5402
      0001AC 1A 01            [ 1]  413 	or	a, (0x01, sp)
      0001AE C7 54 02         [ 1]  414 	ld	0x5402, a
                                    415 ;	lib/src/stm8s_adc1.c: 347: }
      0001B1 84               [ 1]  416 	pop	a
      0001B2 85               [ 2]  417 	popw	x
      0001B3 84               [ 1]  418 	pop	a
      0001B4 FC               [ 2]  419 	jp	(x)
                                    420 ;	lib/src/stm8s_adc1.c: 358: void ADC1_StartConversion(void)
                                    421 ;	-----------------------------------------
                                    422 ;	 function ADC1_StartConversion
                                    423 ;	-----------------------------------------
      0001B5                        424 _ADC1_StartConversion:
                                    425 ;	lib/src/stm8s_adc1.c: 360: ADC1->CR1 |= ADC1_CR1_ADON;
      0001B5 72 10 54 01      [ 1]  426 	bset	0x5401, #0
                                    427 ;	lib/src/stm8s_adc1.c: 361: }
      0001B9 81               [ 4]  428 	ret
                                    429 ;	lib/src/stm8s_adc1.c: 370: uint16_t ADC1_GetConversionValue(void)
                                    430 ;	-----------------------------------------
                                    431 ;	 function ADC1_GetConversionValue
                                    432 ;	-----------------------------------------
      0001BA                        433 _ADC1_GetConversionValue:
      0001BA 52 06            [ 2]  434 	sub	sp, #6
                                    435 ;	lib/src/stm8s_adc1.c: 375: if ((ADC1->CR2 & ADC1_CR2_ALIGN) != 0) /* Right alignment */
      0001BC 72 07 54 02 14   [ 2]  436 	btjf	0x5402, #3, 00102$
                                    437 ;	lib/src/stm8s_adc1.c: 378: templ = ADC1->DRL;
      0001C1 C6 54 05         [ 1]  438 	ld	a, 0x5405
      0001C4 97               [ 1]  439 	ld	xl, a
                                    440 ;	lib/src/stm8s_adc1.c: 380: temph = ADC1->DRH;
      0001C5 C6 54 04         [ 1]  441 	ld	a, 0x5404
                                    442 ;	lib/src/stm8s_adc1.c: 382: temph = (uint16_t)(templ | (uint16_t)(temph << (uint8_t)8));
      0001C8 0F 02            [ 1]  443 	clr	(0x02, sp)
      0001CA 0F 03            [ 1]  444 	clr	(0x03, sp)
      0001CC 1A 03            [ 1]  445 	or	a, (0x03, sp)
      0001CE 01               [ 1]  446 	rrwa	x
      0001CF 1A 02            [ 1]  447 	or	a, (0x02, sp)
      0001D1 6B 06            [ 1]  448 	ld	(0x06, sp), a
      0001D3 20 1D            [ 2]  449 	jra	00103$
      0001D5                        450 00102$:
                                    451 ;	lib/src/stm8s_adc1.c: 387: temph = ADC1->DRH;
      0001D5 C6 54 04         [ 1]  452 	ld	a, 0x5404
      0001D8 90 5F            [ 1]  453 	clrw	y
      0001DA 90 97            [ 1]  454 	ld	yl, a
                                    455 ;	lib/src/stm8s_adc1.c: 389: templ = ADC1->DRL;
      0001DC C6 54 05         [ 1]  456 	ld	a, 0x5405
                                    457 ;	lib/src/stm8s_adc1.c: 391: temph = (uint16_t)((uint16_t)((uint16_t)templ << 6) | (uint16_t)((uint16_t)temph << 8));
      0001DF 5F               [ 1]  458 	clrw	x
      0001E0 97               [ 1]  459 	ld	xl, a
      0001E1 58               [ 2]  460 	sllw	x
      0001E2 58               [ 2]  461 	sllw	x
      0001E3 58               [ 2]  462 	sllw	x
      0001E4 58               [ 2]  463 	sllw	x
      0001E5 58               [ 2]  464 	sllw	x
      0001E6 58               [ 2]  465 	sllw	x
      0001E7 1F 03            [ 2]  466 	ldw	(0x03, sp), x
      0001E9 7B 04            [ 1]  467 	ld	a, (0x04, sp)
      0001EB 6B 06            [ 1]  468 	ld	(0x06, sp), a
      0001ED 90 9F            [ 1]  469 	ld	a, yl
      0001EF 1A 03            [ 1]  470 	or	a, (0x03, sp)
      0001F1 95               [ 1]  471 	ld	xh, a
      0001F2                        472 00103$:
                                    473 ;	lib/src/stm8s_adc1.c: 394: return ((uint16_t)temph);
      0001F2 7B 06            [ 1]  474 	ld	a, (0x06, sp)
      0001F4 97               [ 1]  475 	ld	xl, a
                                    476 ;	lib/src/stm8s_adc1.c: 395: }
      0001F5 5B 06            [ 2]  477 	addw	sp, #6
      0001F7 81               [ 4]  478 	ret
                                    479 ;	lib/src/stm8s_adc1.c: 405: void ADC1_AWDChannelConfig(ADC1_Channel_TypeDef Channel, FunctionalState NewState)
                                    480 ;	-----------------------------------------
                                    481 ;	 function ADC1_AWDChannelConfig
                                    482 ;	-----------------------------------------
      0001F8                        483 _ADC1_AWDChannelConfig:
      0001F8 88               [ 1]  484 	push	a
                                    485 ;	lib/src/stm8s_adc1.c: 411: if (Channel < (uint8_t)8)
      0001F9 97               [ 1]  486 	ld	xl, a
      0001FA A1 08            [ 1]  487 	cp	a, #0x08
      0001FC 24 25            [ 1]  488 	jrnc	00108$
                                    489 ;	lib/src/stm8s_adc1.c: 415: ADC1->AWCRL |= (uint8_t)((uint8_t)1 << Channel);
      0001FE C6 54 0F         [ 1]  490 	ld	a, 0x540f
      000201 6B 01            [ 1]  491 	ld	(0x01, sp), a
      000203 A6 01            [ 1]  492 	ld	a, #0x01
      000205 88               [ 1]  493 	push	a
      000206 9F               [ 1]  494 	ld	a, xl
      000207 4D               [ 1]  495 	tnz	a
      000208 27 05            [ 1]  496 	jreq	00129$
      00020A                        497 00128$:
      00020A 08 01            [ 1]  498 	sll	(1, sp)
      00020C 4A               [ 1]  499 	dec	a
      00020D 26 FB            [ 1]  500 	jrne	00128$
      00020F                        501 00129$:
      00020F 84               [ 1]  502 	pop	a
                                    503 ;	lib/src/stm8s_adc1.c: 413: if (NewState != DISABLE)
      000210 0D 04            [ 1]  504 	tnz	(0x04, sp)
      000212 27 07            [ 1]  505 	jreq	00102$
                                    506 ;	lib/src/stm8s_adc1.c: 415: ADC1->AWCRL |= (uint8_t)((uint8_t)1 << Channel);
      000214 1A 01            [ 1]  507 	or	a, (0x01, sp)
      000216 C7 54 0F         [ 1]  508 	ld	0x540f, a
      000219 20 2E            [ 2]  509 	jra	00110$
      00021B                        510 00102$:
                                    511 ;	lib/src/stm8s_adc1.c: 419: ADC1->AWCRL &= (uint8_t)~(uint8_t)((uint8_t)1 << Channel);
      00021B 43               [ 1]  512 	cpl	a
      00021C 14 01            [ 1]  513 	and	a, (0x01, sp)
      00021E C7 54 0F         [ 1]  514 	ld	0x540f, a
      000221 20 26            [ 2]  515 	jra	00110$
      000223                        516 00108$:
                                    517 ;	lib/src/stm8s_adc1.c: 426: ADC1->AWCRH |= (uint8_t)((uint8_t)1 << (Channel - (uint8_t)8));
      000223 C6 54 0E         [ 1]  518 	ld	a, 0x540e
      000226 6B 01            [ 1]  519 	ld	(0x01, sp), a
      000228 1D 00 08         [ 2]  520 	subw	x, #8
      00022B A6 01            [ 1]  521 	ld	a, #0x01
      00022D 88               [ 1]  522 	push	a
      00022E 9F               [ 1]  523 	ld	a, xl
      00022F 4D               [ 1]  524 	tnz	a
      000230 27 05            [ 1]  525 	jreq	00132$
      000232                        526 00131$:
      000232 08 01            [ 1]  527 	sll	(1, sp)
      000234 4A               [ 1]  528 	dec	a
      000235 26 FB            [ 1]  529 	jrne	00131$
      000237                        530 00132$:
      000237 84               [ 1]  531 	pop	a
                                    532 ;	lib/src/stm8s_adc1.c: 424: if (NewState != DISABLE)
      000238 0D 04            [ 1]  533 	tnz	(0x04, sp)
      00023A 27 07            [ 1]  534 	jreq	00105$
                                    535 ;	lib/src/stm8s_adc1.c: 426: ADC1->AWCRH |= (uint8_t)((uint8_t)1 << (Channel - (uint8_t)8));
      00023C 1A 01            [ 1]  536 	or	a, (0x01, sp)
      00023E C7 54 0E         [ 1]  537 	ld	0x540e, a
      000241 20 06            [ 2]  538 	jra	00110$
      000243                        539 00105$:
                                    540 ;	lib/src/stm8s_adc1.c: 430: ADC1->AWCRH &= (uint8_t)~(uint8_t)((uint8_t)1 << (uint8_t)(Channel - (uint8_t)8));
      000243 43               [ 1]  541 	cpl	a
      000244 14 01            [ 1]  542 	and	a, (0x01, sp)
      000246 C7 54 0E         [ 1]  543 	ld	0x540e, a
      000249                        544 00110$:
                                    545 ;	lib/src/stm8s_adc1.c: 433: }
      000249 84               [ 1]  546 	pop	a
      00024A 85               [ 2]  547 	popw	x
      00024B 84               [ 1]  548 	pop	a
      00024C FC               [ 2]  549 	jp	(x)
                                    550 ;	lib/src/stm8s_adc1.c: 441: void ADC1_SetHighThreshold(uint16_t Threshold)
                                    551 ;	-----------------------------------------
                                    552 ;	 function ADC1_SetHighThreshold
                                    553 ;	-----------------------------------------
      00024D                        554 _ADC1_SetHighThreshold:
                                    555 ;	lib/src/stm8s_adc1.c: 443: ADC1->HTRH = (uint8_t)(Threshold >> (uint8_t)2);
      00024D 90 93            [ 1]  556 	ldw	y, x
      00024F 54               [ 2]  557 	srlw	x
      000250 54               [ 2]  558 	srlw	x
      000251 9F               [ 1]  559 	ld	a, xl
      000252 C7 54 08         [ 1]  560 	ld	0x5408, a
                                    561 ;	lib/src/stm8s_adc1.c: 444: ADC1->HTRL = (uint8_t)Threshold;
      000255 90 9F            [ 1]  562 	ld	a, yl
      000257 C7 54 09         [ 1]  563 	ld	0x5409, a
                                    564 ;	lib/src/stm8s_adc1.c: 445: }
      00025A 81               [ 4]  565 	ret
                                    566 ;	lib/src/stm8s_adc1.c: 453: void ADC1_SetLowThreshold(uint16_t Threshold)
                                    567 ;	-----------------------------------------
                                    568 ;	 function ADC1_SetLowThreshold
                                    569 ;	-----------------------------------------
      00025B                        570 _ADC1_SetLowThreshold:
                                    571 ;	lib/src/stm8s_adc1.c: 455: ADC1->LTRL = (uint8_t)Threshold;
      00025B 9F               [ 1]  572 	ld	a, xl
      00025C C7 54 0B         [ 1]  573 	ld	0x540b, a
                                    574 ;	lib/src/stm8s_adc1.c: 456: ADC1->LTRH = (uint8_t)(Threshold >> (uint8_t)2);
      00025F 54               [ 2]  575 	srlw	x
      000260 54               [ 2]  576 	srlw	x
      000261 9F               [ 1]  577 	ld	a, xl
      000262 C7 54 0A         [ 1]  578 	ld	0x540a, a
                                    579 ;	lib/src/stm8s_adc1.c: 457: }
      000265 81               [ 4]  580 	ret
                                    581 ;	lib/src/stm8s_adc1.c: 466: uint16_t ADC1_GetBufferValue(uint8_t Buffer)
                                    582 ;	-----------------------------------------
                                    583 ;	 function ADC1_GetBufferValue
                                    584 ;	-----------------------------------------
      000266                        585 _ADC1_GetBufferValue:
      000266 52 06            [ 2]  586 	sub	sp, #6
      000268 97               [ 1]  587 	ld	xl, a
                                    588 ;	lib/src/stm8s_adc1.c: 474: if ((ADC1->CR2 & ADC1_CR2_ALIGN) != 0) /* Right alignment */
      000269 C6 54 02         [ 1]  589 	ld	a, 0x5402
      00026C 6B 03            [ 1]  590 	ld	(0x03, sp), a
                                    591 ;	lib/src/stm8s_adc1.c: 477: templ = *(uint8_t*)(uint16_t)((uint16_t)ADC1_BaseAddress + (uint8_t)(Buffer << 1) + 1);
      00026E 58               [ 2]  592 	sllw	x
      00026F 4F               [ 1]  593 	clr	a
      000270 95               [ 1]  594 	ld	xh, a
      000271 90 93            [ 1]  595 	ldw	y, x
      000273 72 A9 53 E1      [ 2]  596 	addw	y, #0x53e1
                                    597 ;	lib/src/stm8s_adc1.c: 479: temph = *(uint8_t*)(uint16_t)((uint16_t)ADC1_BaseAddress + (uint8_t)(Buffer << 1));
      000277 1C 53 E0         [ 2]  598 	addw	x, #0x53e0
                                    599 ;	lib/src/stm8s_adc1.c: 477: templ = *(uint8_t*)(uint16_t)((uint16_t)ADC1_BaseAddress + (uint8_t)(Buffer << 1) + 1);
                                    600 ;	lib/src/stm8s_adc1.c: 479: temph = *(uint8_t*)(uint16_t)((uint16_t)ADC1_BaseAddress + (uint8_t)(Buffer << 1));
                                    601 ;	lib/src/stm8s_adc1.c: 477: templ = *(uint8_t*)(uint16_t)((uint16_t)ADC1_BaseAddress + (uint8_t)(Buffer << 1) + 1);
      00027A 90 F6            [ 1]  602 	ld	a, (y)
      00027C 6B 06            [ 1]  603 	ld	(0x06, sp), a
                                    604 ;	lib/src/stm8s_adc1.c: 479: temph = *(uint8_t*)(uint16_t)((uint16_t)ADC1_BaseAddress + (uint8_t)(Buffer << 1));
      00027E F6               [ 1]  605 	ld	a, (x)
      00027F 6B 05            [ 1]  606 	ld	(0x05, sp), a
      000281 0F 04            [ 1]  607 	clr	(0x04, sp)
                                    608 ;	lib/src/stm8s_adc1.c: 474: if ((ADC1->CR2 & ADC1_CR2_ALIGN) != 0) /* Right alignment */
      000283 7B 03            [ 1]  609 	ld	a, (0x03, sp)
      000285 A5 08            [ 1]  610 	bcp	a, #0x08
      000287 27 1A            [ 1]  611 	jreq	00102$
                                    612 ;	lib/src/stm8s_adc1.c: 477: templ = *(uint8_t*)(uint16_t)((uint16_t)ADC1_BaseAddress + (uint8_t)(Buffer << 1) + 1);
                                    613 ;	lib/src/stm8s_adc1.c: 479: temph = *(uint8_t*)(uint16_t)((uint16_t)ADC1_BaseAddress + (uint8_t)(Buffer << 1));
      000289 16 04            [ 2]  614 	ldw	y, (0x04, sp)
      00028B 17 01            [ 2]  615 	ldw	(0x01, sp), y
                                    616 ;	lib/src/stm8s_adc1.c: 481: temph = (uint16_t)(templ | (uint16_t)(temph << (uint8_t)8));
      00028D 7B 02            [ 1]  617 	ld	a, (0x02, sp)
      00028F 6B 03            [ 1]  618 	ld	(0x03, sp), a
      000291 0F 04            [ 1]  619 	clr	(0x04, sp)
      000293 0F 05            [ 1]  620 	clr	(0x05, sp)
      000295 7B 06            [ 1]  621 	ld	a, (0x06, sp)
      000297 1A 04            [ 1]  622 	or	a, (0x04, sp)
      000299 6B 02            [ 1]  623 	ld	(0x02, sp), a
      00029B 7B 05            [ 1]  624 	ld	a, (0x05, sp)
      00029D 1A 03            [ 1]  625 	or	a, (0x03, sp)
      00029F 6B 01            [ 1]  626 	ld	(0x01, sp), a
      0002A1 20 1C            [ 2]  627 	jra	00103$
      0002A3                        628 00102$:
                                    629 ;	lib/src/stm8s_adc1.c: 486: temph = *(uint8_t*)(uint16_t)((uint16_t)ADC1_BaseAddress + (uint8_t)(Buffer << 1));
      0002A3 16 04            [ 2]  630 	ldw	y, (0x04, sp)
                                    631 ;	lib/src/stm8s_adc1.c: 488: templ = *(uint8_t*)(uint16_t)((uint16_t)ADC1_BaseAddress + (uint8_t)(Buffer << 1) + 1);
      0002A5 7B 06            [ 1]  632 	ld	a, (0x06, sp)
                                    633 ;	lib/src/stm8s_adc1.c: 490: temph = (uint16_t)((uint16_t)((uint16_t)templ << 6) | (uint16_t)(temph << 8));
      0002A7 5F               [ 1]  634 	clrw	x
      0002A8 97               [ 1]  635 	ld	xl, a
      0002A9 58               [ 2]  636 	sllw	x
      0002AA 58               [ 2]  637 	sllw	x
      0002AB 58               [ 2]  638 	sllw	x
      0002AC 58               [ 2]  639 	sllw	x
      0002AD 58               [ 2]  640 	sllw	x
      0002AE 58               [ 2]  641 	sllw	x
      0002AF 1F 03            [ 2]  642 	ldw	(0x03, sp), x
      0002B1 90 9F            [ 1]  643 	ld	a, yl
      0002B3 0F 06            [ 1]  644 	clr	(0x06, sp)
      0002B5 1A 03            [ 1]  645 	or	a, (0x03, sp)
      0002B7 6B 01            [ 1]  646 	ld	(0x01, sp), a
      0002B9 7B 04            [ 1]  647 	ld	a, (0x04, sp)
      0002BB 1A 06            [ 1]  648 	or	a, (0x06, sp)
      0002BD 6B 02            [ 1]  649 	ld	(0x02, sp), a
      0002BF                        650 00103$:
                                    651 ;	lib/src/stm8s_adc1.c: 493: return ((uint16_t)temph);
      0002BF 1E 01            [ 2]  652 	ldw	x, (0x01, sp)
                                    653 ;	lib/src/stm8s_adc1.c: 494: }
      0002C1 5B 06            [ 2]  654 	addw	sp, #6
      0002C3 81               [ 4]  655 	ret
                                    656 ;	lib/src/stm8s_adc1.c: 502: FlagStatus ADC1_GetAWDChannelStatus(ADC1_Channel_TypeDef Channel)
                                    657 ;	-----------------------------------------
                                    658 ;	 function ADC1_GetAWDChannelStatus
                                    659 ;	-----------------------------------------
      0002C4                        660 _ADC1_GetAWDChannelStatus:
      0002C4 88               [ 1]  661 	push	a
                                    662 ;	lib/src/stm8s_adc1.c: 509: if (Channel < (uint8_t)8)
      0002C5 97               [ 1]  663 	ld	xl, a
      0002C6 A1 08            [ 1]  664 	cp	a, #0x08
      0002C8 24 16            [ 1]  665 	jrnc	00102$
                                    666 ;	lib/src/stm8s_adc1.c: 511: status = (uint8_t)(ADC1->AWSRL & (uint8_t)((uint8_t)1 << Channel));
      0002CA C6 54 0D         [ 1]  667 	ld	a, 0x540d
      0002CD 88               [ 1]  668 	push	a
      0002CE A6 01            [ 1]  669 	ld	a, #0x01
      0002D0 6B 02            [ 1]  670 	ld	(0x02, sp), a
      0002D2 9F               [ 1]  671 	ld	a, xl
      0002D3 4D               [ 1]  672 	tnz	a
      0002D4 27 05            [ 1]  673 	jreq	00113$
      0002D6                        674 00112$:
      0002D6 08 02            [ 1]  675 	sll	(0x02, sp)
      0002D8 4A               [ 1]  676 	dec	a
      0002D9 26 FB            [ 1]  677 	jrne	00112$
      0002DB                        678 00113$:
      0002DB 84               [ 1]  679 	pop	a
      0002DC 14 01            [ 1]  680 	and	a, (0x01, sp)
      0002DE 20 17            [ 2]  681 	jra	00103$
      0002E0                        682 00102$:
                                    683 ;	lib/src/stm8s_adc1.c: 515: status = (uint8_t)(ADC1->AWSRH & (uint8_t)((uint8_t)1 << (Channel - (uint8_t)8)));
      0002E0 C6 54 0C         [ 1]  684 	ld	a, 0x540c
      0002E3 6B 01            [ 1]  685 	ld	(0x01, sp), a
      0002E5 1D 00 08         [ 2]  686 	subw	x, #8
      0002E8 A6 01            [ 1]  687 	ld	a, #0x01
      0002EA 88               [ 1]  688 	push	a
      0002EB 9F               [ 1]  689 	ld	a, xl
      0002EC 4D               [ 1]  690 	tnz	a
      0002ED 27 05            [ 1]  691 	jreq	00115$
      0002EF                        692 00114$:
      0002EF 08 01            [ 1]  693 	sll	(1, sp)
      0002F1 4A               [ 1]  694 	dec	a
      0002F2 26 FB            [ 1]  695 	jrne	00114$
      0002F4                        696 00115$:
      0002F4 84               [ 1]  697 	pop	a
      0002F5 14 01            [ 1]  698 	and	a, (0x01, sp)
      0002F7                        699 00103$:
                                    700 ;	lib/src/stm8s_adc1.c: 518: return ((FlagStatus)status);
      0002F7 40               [ 1]  701 	neg	a
      0002F8 4F               [ 1]  702 	clr	a
      0002F9 49               [ 1]  703 	rlc	a
                                    704 ;	lib/src/stm8s_adc1.c: 519: }
      0002FA 5B 01            [ 2]  705 	addw	sp, #1
      0002FC 81               [ 4]  706 	ret
                                    707 ;	lib/src/stm8s_adc1.c: 527: FlagStatus ADC1_GetFlagStatus(ADC1_Flag_TypeDef Flag)
                                    708 ;	-----------------------------------------
                                    709 ;	 function ADC1_GetFlagStatus
                                    710 ;	-----------------------------------------
      0002FD                        711 _ADC1_GetFlagStatus:
      0002FD 52 03            [ 2]  712 	sub	sp, #3
                                    713 ;	lib/src/stm8s_adc1.c: 535: if ((Flag & 0x0F) == 0x01)
      0002FF 6B 03            [ 1]  714 	ld	(0x03, sp), a
      000301 6B 02            [ 1]  715 	ld	(0x02, sp), a
      000303 0F 01            [ 1]  716 	clr	(0x01, sp)
      000305 5F               [ 1]  717 	clrw	x
      000306 7B 02            [ 1]  718 	ld	a, (0x02, sp)
      000308 A4 0F            [ 1]  719 	and	a, #0x0f
      00030A 97               [ 1]  720 	ld	xl, a
      00030B 5A               [ 2]  721 	decw	x
      00030C 26 07            [ 1]  722 	jrne	00108$
                                    723 ;	lib/src/stm8s_adc1.c: 538: flagstatus = (uint8_t)(ADC1->CR3 & ADC1_CR3_OVR);
      00030E C6 54 03         [ 1]  724 	ld	a, 0x5403
      000311 A4 40            [ 1]  725 	and	a, #0x40
      000313 20 48            [ 2]  726 	jra	00109$
      000315                        727 00108$:
                                    728 ;	lib/src/stm8s_adc1.c: 540: else if ((Flag & 0xF0) == 0x10)
      000315 5F               [ 1]  729 	clrw	x
      000316 7B 02            [ 1]  730 	ld	a, (0x02, sp)
      000318 A4 F0            [ 1]  731 	and	a, #0xf0
      00031A 97               [ 1]  732 	ld	xl, a
      00031B A3 00 10         [ 2]  733 	cpw	x, #0x0010
      00031E 26 38            [ 1]  734 	jrne	00105$
                                    735 ;	lib/src/stm8s_adc1.c: 543: temp = (uint8_t)(Flag & (uint8_t)0x0F);
      000320 7B 03            [ 1]  736 	ld	a, (0x03, sp)
      000322 A4 0F            [ 1]  737 	and	a, #0x0f
                                    738 ;	lib/src/stm8s_adc1.c: 544: if (temp < 8)
      000324 97               [ 1]  739 	ld	xl, a
      000325 A1 08            [ 1]  740 	cp	a, #0x08
      000327 24 16            [ 1]  741 	jrnc	00102$
                                    742 ;	lib/src/stm8s_adc1.c: 546: flagstatus = (uint8_t)(ADC1->AWSRL & (uint8_t)((uint8_t)1 << temp));
      000329 C6 54 0D         [ 1]  743 	ld	a, 0x540d
      00032C 6B 02            [ 1]  744 	ld	(0x02, sp), a
      00032E A6 01            [ 1]  745 	ld	a, #0x01
      000330 88               [ 1]  746 	push	a
      000331 9F               [ 1]  747 	ld	a, xl
      000332 4D               [ 1]  748 	tnz	a
      000333 27 05            [ 1]  749 	jreq	00135$
      000335                        750 00134$:
      000335 08 01            [ 1]  751 	sll	(1, sp)
      000337 4A               [ 1]  752 	dec	a
      000338 26 FB            [ 1]  753 	jrne	00134$
      00033A                        754 00135$:
      00033A 84               [ 1]  755 	pop	a
      00033B 14 02            [ 1]  756 	and	a, (0x02, sp)
      00033D 20 1E            [ 2]  757 	jra	00109$
      00033F                        758 00102$:
                                    759 ;	lib/src/stm8s_adc1.c: 550: flagstatus = (uint8_t)(ADC1->AWSRH & (uint8_t)((uint8_t)1 << (temp - 8)));
      00033F C6 54 0C         [ 1]  760 	ld	a, 0x540c
      000342 6B 02            [ 1]  761 	ld	(0x02, sp), a
      000344 1D 00 08         [ 2]  762 	subw	x, #8
      000347 A6 01            [ 1]  763 	ld	a, #0x01
      000349 88               [ 1]  764 	push	a
      00034A 9F               [ 1]  765 	ld	a, xl
      00034B 4D               [ 1]  766 	tnz	a
      00034C 27 05            [ 1]  767 	jreq	00137$
      00034E                        768 00136$:
      00034E 08 01            [ 1]  769 	sll	(1, sp)
      000350 4A               [ 1]  770 	dec	a
      000351 26 FB            [ 1]  771 	jrne	00136$
      000353                        772 00137$:
      000353 84               [ 1]  773 	pop	a
      000354 14 02            [ 1]  774 	and	a, (0x02, sp)
      000356 20 05            [ 2]  775 	jra	00109$
      000358                        776 00105$:
                                    777 ;	lib/src/stm8s_adc1.c: 555: flagstatus = (uint8_t)(ADC1->CSR & Flag);
      000358 C6 54 00         [ 1]  778 	ld	a, 0x5400
      00035B 14 03            [ 1]  779 	and	a, (0x03, sp)
      00035D                        780 00109$:
                                    781 ;	lib/src/stm8s_adc1.c: 557: return ((FlagStatus)flagstatus);
      00035D 40               [ 1]  782 	neg	a
      00035E 4F               [ 1]  783 	clr	a
      00035F 49               [ 1]  784 	rlc	a
                                    785 ;	lib/src/stm8s_adc1.c: 559: }
      000360 5B 03            [ 2]  786 	addw	sp, #3
      000362 81               [ 4]  787 	ret
                                    788 ;	lib/src/stm8s_adc1.c: 567: void ADC1_ClearFlag(ADC1_Flag_TypeDef Flag)
                                    789 ;	-----------------------------------------
                                    790 ;	 function ADC1_ClearFlag
                                    791 ;	-----------------------------------------
      000363                        792 _ADC1_ClearFlag:
      000363 52 03            [ 2]  793 	sub	sp, #3
                                    794 ;	lib/src/stm8s_adc1.c: 574: if ((Flag & 0x0F) == 0x01)
      000365 6B 03            [ 1]  795 	ld	(0x03, sp), a
      000367 0F 01            [ 1]  796 	clr	(0x01, sp)
      000369 88               [ 1]  797 	push	a
      00036A A4 0F            [ 1]  798 	and	a, #0x0f
      00036C 97               [ 1]  799 	ld	xl, a
      00036D 4F               [ 1]  800 	clr	a
      00036E 95               [ 1]  801 	ld	xh, a
      00036F 84               [ 1]  802 	pop	a
      000370 5A               [ 2]  803 	decw	x
      000371 26 06            [ 1]  804 	jrne	00108$
                                    805 ;	lib/src/stm8s_adc1.c: 577: ADC1->CR3 &= (uint8_t)(~ADC1_CR3_OVR);
      000373 72 1D 54 03      [ 1]  806 	bres	0x5403, #6
      000377 20 57            [ 2]  807 	jra	00110$
      000379                        808 00108$:
                                    809 ;	lib/src/stm8s_adc1.c: 579: else if ((Flag & 0xF0) == 0x10)
      000379 A4 F0            [ 1]  810 	and	a, #0xf0
      00037B 97               [ 1]  811 	ld	xl, a
      00037C 4F               [ 1]  812 	clr	a
      00037D 95               [ 1]  813 	ld	xh, a
      00037E A3 00 10         [ 2]  814 	cpw	x, #0x0010
      000381 26 40            [ 1]  815 	jrne	00105$
                                    816 ;	lib/src/stm8s_adc1.c: 582: temp = (uint8_t)(Flag & (uint8_t)0x0F);
      000383 7B 03            [ 1]  817 	ld	a, (0x03, sp)
      000385 A4 0F            [ 1]  818 	and	a, #0x0f
                                    819 ;	lib/src/stm8s_adc1.c: 583: if (temp < 8)
      000387 97               [ 1]  820 	ld	xl, a
      000388 A1 08            [ 1]  821 	cp	a, #0x08
      00038A 24 1A            [ 1]  822 	jrnc	00102$
                                    823 ;	lib/src/stm8s_adc1.c: 585: ADC1->AWSRL &= (uint8_t)~(uint8_t)((uint8_t)1 << temp);
      00038C C6 54 0D         [ 1]  824 	ld	a, 0x540d
      00038F 6B 02            [ 1]  825 	ld	(0x02, sp), a
      000391 A6 01            [ 1]  826 	ld	a, #0x01
      000393 88               [ 1]  827 	push	a
      000394 9F               [ 1]  828 	ld	a, xl
      000395 4D               [ 1]  829 	tnz	a
      000396 27 05            [ 1]  830 	jreq	00135$
      000398                        831 00134$:
      000398 08 01            [ 1]  832 	sll	(1, sp)
      00039A 4A               [ 1]  833 	dec	a
      00039B 26 FB            [ 1]  834 	jrne	00134$
      00039D                        835 00135$:
      00039D 84               [ 1]  836 	pop	a
      00039E 43               [ 1]  837 	cpl	a
      00039F 14 02            [ 1]  838 	and	a, (0x02, sp)
      0003A1 C7 54 0D         [ 1]  839 	ld	0x540d, a
      0003A4 20 2A            [ 2]  840 	jra	00110$
      0003A6                        841 00102$:
                                    842 ;	lib/src/stm8s_adc1.c: 589: ADC1->AWSRH &= (uint8_t)~(uint8_t)((uint8_t)1 << (temp - 8));
      0003A6 C6 54 0C         [ 1]  843 	ld	a, 0x540c
      0003A9 6B 02            [ 1]  844 	ld	(0x02, sp), a
      0003AB 1D 00 08         [ 2]  845 	subw	x, #8
      0003AE A6 01            [ 1]  846 	ld	a, #0x01
      0003B0 88               [ 1]  847 	push	a
      0003B1 9F               [ 1]  848 	ld	a, xl
      0003B2 4D               [ 1]  849 	tnz	a
      0003B3 27 05            [ 1]  850 	jreq	00137$
      0003B5                        851 00136$:
      0003B5 08 01            [ 1]  852 	sll	(1, sp)
      0003B7 4A               [ 1]  853 	dec	a
      0003B8 26 FB            [ 1]  854 	jrne	00136$
      0003BA                        855 00137$:
      0003BA 84               [ 1]  856 	pop	a
      0003BB 43               [ 1]  857 	cpl	a
      0003BC 14 02            [ 1]  858 	and	a, (0x02, sp)
      0003BE C7 54 0C         [ 1]  859 	ld	0x540c, a
      0003C1 20 0D            [ 2]  860 	jra	00110$
      0003C3                        861 00105$:
                                    862 ;	lib/src/stm8s_adc1.c: 594: ADC1->CSR &= (uint8_t) (~Flag);
      0003C3 C6 54 00         [ 1]  863 	ld	a, 0x5400
      0003C6 6B 02            [ 1]  864 	ld	(0x02, sp), a
      0003C8 7B 03            [ 1]  865 	ld	a, (0x03, sp)
      0003CA 43               [ 1]  866 	cpl	a
      0003CB 14 02            [ 1]  867 	and	a, (0x02, sp)
      0003CD C7 54 00         [ 1]  868 	ld	0x5400, a
      0003D0                        869 00110$:
                                    870 ;	lib/src/stm8s_adc1.c: 596: }
      0003D0 5B 03            [ 2]  871 	addw	sp, #3
      0003D2 81               [ 4]  872 	ret
                                    873 ;	lib/src/stm8s_adc1.c: 616: ITStatus ADC1_GetITStatus(ADC1_IT_TypeDef ITPendingBit)
                                    874 ;	-----------------------------------------
                                    875 ;	 function ADC1_GetITStatus
                                    876 ;	-----------------------------------------
      0003D3                        877 _ADC1_GetITStatus:
      0003D3 88               [ 1]  878 	push	a
                                    879 ;	lib/src/stm8s_adc1.c: 624: if (((uint16_t)ITPendingBit & 0xF0) == 0x10)
      0003D4 90 5F            [ 1]  880 	clrw	y
      0003D6 9F               [ 1]  881 	ld	a, xl
      0003D7 A4 F0            [ 1]  882 	and	a, #0xf0
      0003D9 90 97            [ 1]  883 	ld	yl, a
      0003DB 90 A3 00 10      [ 2]  884 	cpw	y, #0x0010
      0003DF 26 3D            [ 1]  885 	jrne	00105$
                                    886 ;	lib/src/stm8s_adc1.c: 627: temp = (uint8_t)((uint16_t)ITPendingBit & 0x0F);
      0003E1 9F               [ 1]  887 	ld	a, xl
      0003E2 A4 0F            [ 1]  888 	and	a, #0x0f
                                    889 ;	lib/src/stm8s_adc1.c: 628: if (temp < 8)
      0003E4 97               [ 1]  890 	ld	xl, a
      0003E5 A1 08            [ 1]  891 	cp	a, #0x08
      0003E7 24 19            [ 1]  892 	jrnc	00102$
                                    893 ;	lib/src/stm8s_adc1.c: 630: itstatus = (ITStatus)(ADC1->AWSRL & (uint8_t)((uint8_t)1 << temp));
      0003E9 C6 54 0D         [ 1]  894 	ld	a, 0x540d
      0003EC 88               [ 1]  895 	push	a
      0003ED A6 01            [ 1]  896 	ld	a, #0x01
      0003EF 6B 02            [ 1]  897 	ld	(0x02, sp), a
      0003F1 9F               [ 1]  898 	ld	a, xl
      0003F2 4D               [ 1]  899 	tnz	a
      0003F3 27 05            [ 1]  900 	jreq	00124$
      0003F5                        901 00123$:
      0003F5 08 02            [ 1]  902 	sll	(0x02, sp)
      0003F7 4A               [ 1]  903 	dec	a
      0003F8 26 FB            [ 1]  904 	jrne	00123$
      0003FA                        905 00124$:
      0003FA 84               [ 1]  906 	pop	a
      0003FB 14 01            [ 1]  907 	and	a, (0x01, sp)
      0003FD 40               [ 1]  908 	neg	a
      0003FE 4F               [ 1]  909 	clr	a
      0003FF 49               [ 1]  910 	rlc	a
      000400 20 26            [ 2]  911 	jra	00106$
      000402                        912 00102$:
                                    913 ;	lib/src/stm8s_adc1.c: 634: itstatus = (ITStatus)(ADC1->AWSRH & (uint8_t)((uint8_t)1 << (temp - 8)));
      000402 C6 54 0C         [ 1]  914 	ld	a, 0x540c
      000405 6B 01            [ 1]  915 	ld	(0x01, sp), a
      000407 1D 00 08         [ 2]  916 	subw	x, #8
      00040A A6 01            [ 1]  917 	ld	a, #0x01
      00040C 88               [ 1]  918 	push	a
      00040D 9F               [ 1]  919 	ld	a, xl
      00040E 4D               [ 1]  920 	tnz	a
      00040F 27 05            [ 1]  921 	jreq	00126$
      000411                        922 00125$:
      000411 08 01            [ 1]  923 	sll	(1, sp)
      000413 4A               [ 1]  924 	dec	a
      000414 26 FB            [ 1]  925 	jrne	00125$
      000416                        926 00126$:
      000416 84               [ 1]  927 	pop	a
      000417 14 01            [ 1]  928 	and	a, (0x01, sp)
      000419 40               [ 1]  929 	neg	a
      00041A 4F               [ 1]  930 	clr	a
      00041B 49               [ 1]  931 	rlc	a
      00041C 20 0A            [ 2]  932 	jra	00106$
      00041E                        933 00105$:
                                    934 ;	lib/src/stm8s_adc1.c: 639: itstatus = (ITStatus)(ADC1->CSR & (uint8_t)ITPendingBit);
      00041E C6 54 00         [ 1]  935 	ld	a, 0x5400
      000421 89               [ 2]  936 	pushw	x
      000422 14 02            [ 1]  937 	and	a, (2, sp)
      000424 85               [ 2]  938 	popw	x
      000425 40               [ 1]  939 	neg	a
      000426 4F               [ 1]  940 	clr	a
      000427 49               [ 1]  941 	rlc	a
      000428                        942 00106$:
                                    943 ;	lib/src/stm8s_adc1.c: 641: return ((ITStatus)itstatus);
                                    944 ;	lib/src/stm8s_adc1.c: 642: }
      000428 5B 01            [ 2]  945 	addw	sp, #1
      00042A 81               [ 4]  946 	ret
                                    947 ;	lib/src/stm8s_adc1.c: 662: void ADC1_ClearITPendingBit(ADC1_IT_TypeDef ITPendingBit)
                                    948 ;	-----------------------------------------
                                    949 ;	 function ADC1_ClearITPendingBit
                                    950 ;	-----------------------------------------
      00042B                        951 _ADC1_ClearITPendingBit:
      00042B 88               [ 1]  952 	push	a
                                    953 ;	lib/src/stm8s_adc1.c: 669: if (((uint16_t)ITPendingBit & 0xF0) == 0x10)
      00042C 90 5F            [ 1]  954 	clrw	y
      00042E 9F               [ 1]  955 	ld	a, xl
      00042F A4 F0            [ 1]  956 	and	a, #0xf0
      000431 90 97            [ 1]  957 	ld	yl, a
      000433 90 A3 00 10      [ 2]  958 	cpw	y, #0x0010
      000437 26 3F            [ 1]  959 	jrne	00105$
                                    960 ;	lib/src/stm8s_adc1.c: 672: temp = (uint8_t)((uint16_t)ITPendingBit & 0x0F);
      000439 9F               [ 1]  961 	ld	a, xl
      00043A A4 0F            [ 1]  962 	and	a, #0x0f
                                    963 ;	lib/src/stm8s_adc1.c: 673: if (temp < 8)
      00043C 97               [ 1]  964 	ld	xl, a
      00043D A1 08            [ 1]  965 	cp	a, #0x08
      00043F 24 1A            [ 1]  966 	jrnc	00102$
                                    967 ;	lib/src/stm8s_adc1.c: 675: ADC1->AWSRL &= (uint8_t)~(uint8_t)((uint8_t)1 << temp);
      000441 C6 54 0D         [ 1]  968 	ld	a, 0x540d
      000444 6B 01            [ 1]  969 	ld	(0x01, sp), a
      000446 A6 01            [ 1]  970 	ld	a, #0x01
      000448 88               [ 1]  971 	push	a
      000449 9F               [ 1]  972 	ld	a, xl
      00044A 4D               [ 1]  973 	tnz	a
      00044B 27 05            [ 1]  974 	jreq	00124$
      00044D                        975 00123$:
      00044D 08 01            [ 1]  976 	sll	(1, sp)
      00044F 4A               [ 1]  977 	dec	a
      000450 26 FB            [ 1]  978 	jrne	00123$
      000452                        979 00124$:
      000452 84               [ 1]  980 	pop	a
      000453 43               [ 1]  981 	cpl	a
      000454 14 01            [ 1]  982 	and	a, (0x01, sp)
      000456 C7 54 0D         [ 1]  983 	ld	0x540d, a
      000459 20 29            [ 2]  984 	jra	00107$
      00045B                        985 00102$:
                                    986 ;	lib/src/stm8s_adc1.c: 679: ADC1->AWSRH &= (uint8_t)~(uint8_t)((uint8_t)1 << (temp - 8));
      00045B C6 54 0C         [ 1]  987 	ld	a, 0x540c
      00045E 6B 01            [ 1]  988 	ld	(0x01, sp), a
      000460 1D 00 08         [ 2]  989 	subw	x, #8
      000463 A6 01            [ 1]  990 	ld	a, #0x01
      000465 88               [ 1]  991 	push	a
      000466 9F               [ 1]  992 	ld	a, xl
      000467 4D               [ 1]  993 	tnz	a
      000468 27 05            [ 1]  994 	jreq	00126$
      00046A                        995 00125$:
      00046A 08 01            [ 1]  996 	sll	(1, sp)
      00046C 4A               [ 1]  997 	dec	a
      00046D 26 FB            [ 1]  998 	jrne	00125$
      00046F                        999 00126$:
      00046F 84               [ 1] 1000 	pop	a
      000470 43               [ 1] 1001 	cpl	a
      000471 14 01            [ 1] 1002 	and	a, (0x01, sp)
      000473 C7 54 0C         [ 1] 1003 	ld	0x540c, a
      000476 20 0C            [ 2] 1004 	jra	00107$
      000478                       1005 00105$:
                                   1006 ;	lib/src/stm8s_adc1.c: 684: ADC1->CSR &= (uint8_t)((uint16_t)~(uint16_t)ITPendingBit);
      000478 C6 54 00         [ 1] 1007 	ld	a, 0x5400
      00047B 6B 01            [ 1] 1008 	ld	(0x01, sp), a
      00047D 53               [ 2] 1009 	cplw	x
      00047E 9F               [ 1] 1010 	ld	a, xl
      00047F 14 01            [ 1] 1011 	and	a, (0x01, sp)
      000481 C7 54 00         [ 1] 1012 	ld	0x5400, a
      000484                       1013 00107$:
                                   1014 ;	lib/src/stm8s_adc1.c: 686: }
      000484 84               [ 1] 1015 	pop	a
      000485 81               [ 4] 1016 	ret
                                   1017 	.area CODE
                                   1018 	.area CONST
                                   1019 	.area INITIALIZER
                                   1020 	.area CABS (ABS)
