                                      1 ;--------------------------------------------------------
                                      2 ; File Created by SDCC : free open source ISO C Compiler 
                                      3 ; Version 4.3.0 #14184 (MINGW64)
                                      4 ;--------------------------------------------------------
                                      5 	.module main
                                      6 	.optsdcc -mstm8
                                      7 	
                                      8 ;--------------------------------------------------------
                                      9 ; Public variables in this module
                                     10 ;--------------------------------------------------------
                                     11 	.globl _main
                                     12 	.globl _ADC1_Read
                                     13 	.globl _ADC1_Init
                                     14 	.globl _ADC1_DeInit
                                     15 	.globl _updateEstimate
                                     16 	.globl _SimpleKalmanFilter
                                     17 	.globl _uart1_nline
                                     18 	.globl _uart1_string
                                     19 	.globl _uart1_number
                                     20 	.globl _uart_init
                                     21 	.globl _Timer4DelayMs
                                     22 	.globl _Timer4Config
                                     23 	.globl _fabsf
                                     24 	.globl _adc_value
                                     25 	.globl __kalman_gain
                                     26 	.globl __last_estimate
                                     27 	.globl __current_estimate
                                     28 	.globl __q
                                     29 	.globl __err_estimate
                                     30 	.globl __err_measure
                                     31 ;--------------------------------------------------------
                                     32 ; ram data
                                     33 ;--------------------------------------------------------
                                     34 	.area DATA
      000000                         35 __err_measure::
      000000                         36 	.ds 4
      000004                         37 __err_estimate::
      000004                         38 	.ds 4
      000008                         39 __q::
      000008                         40 	.ds 4
                                     41 ;--------------------------------------------------------
                                     42 ; ram data
                                     43 ;--------------------------------------------------------
                                     44 	.area INITIALIZED
      000000                         45 __current_estimate::
      000000                         46 	.ds 4
      000004                         47 __last_estimate::
      000004                         48 	.ds 4
      000008                         49 __kalman_gain::
      000008                         50 	.ds 4
      00000C                         51 _adc_value::
      00000C                         52 	.ds 2
                                     53 ;--------------------------------------------------------
                                     54 ; Stack segment in internal ram
                                     55 ;--------------------------------------------------------
                                     56 	.area SSEG
      000000                         57 __start__stack:
      000000                         58 	.ds	1
                                     59 
                                     60 ;--------------------------------------------------------
                                     61 ; absolute external ram data
                                     62 ;--------------------------------------------------------
                                     63 	.area DABS (ABS)
                                     64 
                                     65 ; default segment ordering for linker
                                     66 	.area HOME
                                     67 	.area GSINIT
                                     68 	.area GSFINAL
                                     69 	.area CONST
                                     70 	.area INITIALIZER
                                     71 	.area CODE
                                     72 
                                     73 ;--------------------------------------------------------
                                     74 ; interrupt vector
                                     75 ;--------------------------------------------------------
                                     76 	.area HOME
      000000                         77 __interrupt_vect:
      000000 82v00u00u00             78 	int s_GSINIT ; reset
                                     79 ;--------------------------------------------------------
                                     80 ; global & static initialisations
                                     81 ;--------------------------------------------------------
                                     82 	.area HOME
                                     83 	.area GSINIT
                                     84 	.area GSFINAL
                                     85 	.area GSINIT
      000000 CDr00r00         [ 4]   86 	call	___sdcc_external_startup
      000003 4D               [ 1]   87 	tnz	a
      000004 27 03            [ 1]   88 	jreq	__sdcc_init_data
      000006 CCr00r04         [ 2]   89 	jp	__sdcc_program_startup
      000009                         90 __sdcc_init_data:
                                     91 ; stm8_genXINIT() start
      000009 AEr00r00         [ 2]   92 	ldw x, #l_DATA
      00000C 27 07            [ 1]   93 	jreq	00002$
      00000E                         94 00001$:
      00000E 72 4FuFFuFF      [ 1]   95 	clr (s_DATA - 1, x)
      000012 5A               [ 2]   96 	decw x
      000013 26 F9            [ 1]   97 	jrne	00001$
      000015                         98 00002$:
      000015 AEr00r00         [ 2]   99 	ldw	x, #l_INITIALIZER
      000018 27 09            [ 1]  100 	jreq	00004$
      00001A                        101 00003$:
      00001A D6uFFuFF         [ 1]  102 	ld	a, (s_INITIALIZER - 1, x)
      00001D D7uFFuFF         [ 1]  103 	ld	(s_INITIALIZED - 1, x), a
      000020 5A               [ 2]  104 	decw	x
      000021 26 F7            [ 1]  105 	jrne	00003$
      000023                        106 00004$:
                                    107 ; stm8_genXINIT() end
                                    108 	.area GSFINAL
      000000 CCr00r04         [ 2]  109 	jp	__sdcc_program_startup
                                    110 ;--------------------------------------------------------
                                    111 ; Home
                                    112 ;--------------------------------------------------------
                                    113 	.area HOME
                                    114 	.area HOME
      000004                        115 __sdcc_program_startup:
      000004 CCr02rA5         [ 2]  116 	jp	_main
                                    117 ;	return from main will return to caller
                                    118 ;--------------------------------------------------------
                                    119 ; code
                                    120 ;--------------------------------------------------------
                                    121 	.area CODE
                                    122 ;	main.c: 6: void Timer4Config(void){
                                    123 ;	-----------------------------------------
                                    124 ;	 function Timer4Config
                                    125 ;	-----------------------------------------
      000000                        126 _Timer4Config:
                                    127 ;	main.c: 7: TIM4->PSCR = (uint8_t)0x07;
      000000 35 07 53 47      [ 1]  128 	mov	0x5347+0, #0x07
                                    129 ;	main.c: 8: TIM4->ARR = (uint8_t)125 - 1;
      000004 35 7C 53 48      [ 1]  130 	mov	0x5348+0, #0x7c
                                    131 ;	main.c: 10: TIM4->CR1 |= TIM4_CR1_CEN;
      000008 72 10 53 40      [ 1]  132 	bset	0x5340, #0
                                    133 ;	main.c: 11: }
      00000C 81               [ 4]  134 	ret
                                    135 ;	main.c: 12: void Timer4DelayMs(uint16_t u16Delay){
                                    136 ;	-----------------------------------------
                                    137 ;	 function Timer4DelayMs
                                    138 ;	-----------------------------------------
      00000D                        139 _Timer4DelayMs:
                                    140 ;	main.c: 13: while(u16Delay){
      00000D                        141 00104$:
      00000D 5D               [ 2]  142 	tnzw	x
      00000E 26 01            [ 1]  143 	jrne	00130$
      000010 81               [ 4]  144 	ret
      000011                        145 00130$:
                                    146 ;	main.c: 14: TIM4->CNTR = (uint8_t)0;
      000011 35 00 53 46      [ 1]  147 	mov	0x5346+0, #0x00
                                    148 ;	main.c: 16: TIM4->SR1 = (uint8_t)(~0x01);
      000015 35 FE 53 44      [ 1]  149 	mov	0x5344+0, #0xfe
                                    150 ;	main.c: 17: while((TIM4->SR1 & (uint8_t)0x01) == RESET){}
      000019                        151 00101$:
      000019 72 01 53 44 FB   [ 2]  152 	btjf	0x5344, #0, 00101$
                                    153 ;	main.c: 18: --u16Delay;
      00001E 5A               [ 2]  154 	decw	x
      00001F 20 EC            [ 2]  155 	jra	00104$
                                    156 ;	main.c: 20: }
      000021 81               [ 4]  157 	ret
                                    158 ;	main.c: 21: void uart_init(void){
                                    159 ;	-----------------------------------------
                                    160 ;	 function uart_init
                                    161 ;	-----------------------------------------
      000022                        162 _uart_init:
                                    163 ;	main.c: 24: UART1->CR1 &= (uint8_t)(~UART1_CR1_M);  /* Clear the word length bit */
      000022 72 19 52 34      [ 1]  164 	bres	0x5234, #4
                                    165 ;	main.c: 25: UART1->CR1 |= (uint8_t)0x00; /* Set the word length bit, 8 Data bits */
      000026 55 52 34 52 34   [ 1]  166 	mov	0x5234, 0x5234
                                    167 ;	main.c: 26: UART1->CR3 &= (uint8_t)(~UART1_CR3_STOP);  /* Clear the STOP bits */
      00002B C6 52 36         [ 1]  168 	ld	a, 0x5236
      00002E A4 CF            [ 1]  169 	and	a, #0xcf
      000030 C7 52 36         [ 1]  170 	ld	0x5236, a
                                    171 ;	main.c: 27: UART1->CR3 |= (uint8_t)0x00; /**< One stop bit is transmitted at the end of frame*/
      000033 55 52 36 52 36   [ 1]  172 	mov	0x5236, 0x5236
                                    173 ;	main.c: 29: UART1->CR1 &= (uint8_t)(~(UART1_CR1_PCEN | UART1_CR1_PS  ));  /* Clear the Parity Control bit */
      000038 C6 52 34         [ 1]  174 	ld	a, 0x5234
      00003B A4 F9            [ 1]  175 	and	a, #0xf9
      00003D C7 52 34         [ 1]  176 	ld	0x5234, a
                                    177 ;	main.c: 30: UART1->CR1 |= (uint8_t)0x00;  /* Set No Parity Control bit */
      000040 55 52 34 52 34   [ 1]  178 	mov	0x5234, 0x5234
                                    179 ;	main.c: 32: UART1->BRR1 &= (uint8_t)(~UART1_BRR1_DIVM);  /* Clear the LSB mantissa of UART1DIV  */
      000045 C6 52 32         [ 1]  180 	ld	a, 0x5232
      000048 35 00 52 32      [ 1]  181 	mov	0x5232+0, #0x00
                                    182 ;	main.c: 33: UART1->BRR2 &= (uint8_t)(~UART1_BRR2_DIVM);	/* Clear the MSB mantissa of UART1DIV  */
      00004C C6 52 33         [ 1]  183 	ld	a, 0x5233
      00004F A4 0F            [ 1]  184 	and	a, #0x0f
      000051 C7 52 33         [ 1]  185 	ld	0x5233, a
                                    186 ;	main.c: 34: UART1->BRR2 &= (uint8_t)(~UART1_BRR2_DIVF);  /* Clear the Fraction bits of UART1DIV */
      000054 C6 52 33         [ 1]  187 	ld	a, 0x5233
      000057 A4 F0            [ 1]  188 	and	a, #0xf0
      000059 C7 52 33         [ 1]  189 	ld	0x5233, a
                                    190 ;	main.c: 37: UART1->BRR2 = (uint8_t)0x03;
      00005C 35 03 52 33      [ 1]  191 	mov	0x5233+0, #0x03
                                    192 ;	main.c: 38: UART1->BRR1 = (uint8_t)0x68;
      000060 35 68 52 32      [ 1]  193 	mov	0x5232+0, #0x68
                                    194 ;	main.c: 43: UART1->CR2 |= (uint8_t)UART1_CR2_TEN; /*Transmit Enable and Receive Enable*/ 
      000064 72 16 52 35      [ 1]  195 	bset	0x5235, #3
                                    196 ;	main.c: 44: UART1->CR2 |= (uint8_t)UART1_CR2_REN;  
      000068 72 14 52 35      [ 1]  197 	bset	0x5235, #2
                                    198 ;	main.c: 45: UART1->CR3 &= (uint8_t)(~UART1_CR3_CKEN); /*Sync mode Disable, SLK pin Disable*/
      00006C 72 17 52 36      [ 1]  199 	bres	0x5236, #3
                                    200 ;	main.c: 46: UART1->CR1 &= (uint8_t)(~UART1_CR1_UARTD); /* UART1 Enable */
      000070 72 1B 52 34      [ 1]  201 	bres	0x5234, #5
                                    202 ;	main.c: 47: }
      000074 81               [ 4]  203 	ret
                                    204 ;	main.c: 48: void uart1_number(int number)
                                    205 ;	-----------------------------------------
                                    206 ;	 function uart1_number
                                    207 ;	-----------------------------------------
      000075                        208 _uart1_number:
      000075 52 0A            [ 2]  209 	sub	sp, #10
      000077 1F 08            [ 2]  210 	ldw	(0x08, sp), x
                                    211 ;	main.c: 51: char digit[5] = "";
      000079 0F 03            [ 1]  212 	clr	(0x03, sp)
      00007B 0F 04            [ 1]  213 	clr	(0x04, sp)
      00007D 0F 05            [ 1]  214 	clr	(0x05, sp)
      00007F 0F 06            [ 1]  215 	clr	(0x06, sp)
      000081 0F 07            [ 1]  216 	clr	(0x07, sp)
                                    217 ;	main.c: 52: while(number != 0)
      000083 0F 0A            [ 1]  218 	clr	(0x0a, sp)
      000085                        219 00101$:
      000085 1E 08            [ 2]  220 	ldw	x, (0x08, sp)
      000087 27 2C            [ 1]  221 	jreq	00117$
                                    222 ;	main.c: 54: digit[count] = number%10;   //lay chu so ngoai cung xxxx8;
      000089 5F               [ 1]  223 	clrw	x
      00008A 7B 0A            [ 1]  224 	ld	a, (0x0a, sp)
      00008C 97               [ 1]  225 	ld	xl, a
      00008D 89               [ 2]  226 	pushw	x
      00008E 96               [ 1]  227 	ldw	x, sp
      00008F 1C 00 05         [ 2]  228 	addw	x, #5
      000092 72 FB 01         [ 2]  229 	addw	x, (1, sp)
      000095 1F 03            [ 2]  230 	ldw	(0x03, sp), x
      000097 5B 02            [ 2]  231 	addw	sp, #2
      000099 4B 0A            [ 1]  232 	push	#0x0a
      00009B 4B 00            [ 1]  233 	push	#0x00
      00009D 1E 0A            [ 2]  234 	ldw	x, (0x0a, sp)
      00009F CDr00r00         [ 4]  235 	call	__modsint
      0000A2 9F               [ 1]  236 	ld	a, xl
      0000A3 1E 01            [ 2]  237 	ldw	x, (0x01, sp)
      0000A5 F7               [ 1]  238 	ld	(x), a
                                    239 ;	main.c: 55: ++count;
      0000A6 0C 0A            [ 1]  240 	inc	(0x0a, sp)
                                    241 ;	main.c: 56: number = number/10;         //chia so number cho 10 de bo so ngoai cung xxxx
      0000A8 4B 0A            [ 1]  242 	push	#0x0a
      0000AA 4B 00            [ 1]  243 	push	#0x00
      0000AC 1E 0A            [ 2]  244 	ldw	x, (0x0a, sp)
      0000AE CDr00r00         [ 4]  245 	call	__divsint
      0000B1 1F 08            [ 2]  246 	ldw	(0x08, sp), x
      0000B3 20 D0            [ 2]  247 	jra	00101$
                                    248 ;	main.c: 58: while (count!=0)
      0000B5                        249 00117$:
      0000B5                        250 00107$:
      0000B5 0D 0A            [ 1]  251 	tnz	(0x0a, sp)
      0000B7 27 21            [ 1]  252 	jreq	00110$
                                    253 ;	main.c: 60: UART1->DR = (digit[count - 1] + 0x30); // 0x30 = 48 ;
      0000B9 7B 0A            [ 1]  254 	ld	a, (0x0a, sp)
      0000BB 4A               [ 1]  255 	dec	a
      0000BC 6B 02            [ 1]  256 	ld	(0x02, sp), a
      0000BE 49               [ 1]  257 	rlc	a
      0000BF 4F               [ 1]  258 	clr	a
      0000C0 A2 00            [ 1]  259 	sbc	a, #0x00
      0000C2 6B 01            [ 1]  260 	ld	(0x01, sp), a
      0000C4 96               [ 1]  261 	ldw	x, sp
      0000C5 1C 00 03         [ 2]  262 	addw	x, #3
      0000C8 72 FB 01         [ 2]  263 	addw	x, (0x01, sp)
      0000CB F6               [ 1]  264 	ld	a, (x)
      0000CC AB 30            [ 1]  265 	add	a, #0x30
      0000CE C7 52 31         [ 1]  266 	ld	0x5231, a
                                    267 ;	main.c: 61: while((UART1->SR & (uint8_t)UART1_SR_TXE)==RESET);
      0000D1                        268 00104$:
      0000D1 C6 52 30         [ 1]  269 	ld	a, 0x5230
      0000D4 2A FB            [ 1]  270 	jrpl	00104$
                                    271 ;	main.c: 62: --count;
      0000D6 0A 0A            [ 1]  272 	dec	(0x0a, sp)
      0000D8 20 DB            [ 2]  273 	jra	00107$
      0000DA                        274 00110$:
                                    275 ;	main.c: 64: }
      0000DA 5B 0A            [ 2]  276 	addw	sp, #10
      0000DC 81               [ 4]  277 	ret
                                    278 ;	main.c: 82: void uart1_string(const char *cy)
                                    279 ;	-----------------------------------------
                                    280 ;	 function uart1_string
                                    281 ;	-----------------------------------------
      0000DD                        282 _uart1_string:
                                    283 ;	main.c: 84: while(*cy)
      0000DD                        284 00104$:
      0000DD F6               [ 1]  285 	ld	a, (x)
      0000DE 26 01            [ 1]  286 	jrne	00130$
      0000E0 81               [ 4]  287 	ret
      0000E1                        288 00130$:
                                    289 ;	main.c: 86: UART1->DR = (*cy);
      0000E1 C7 52 31         [ 1]  290 	ld	0x5231, a
                                    291 ;	main.c: 87: while((UART1->SR & (uint8_t)UART1_SR_TXE)==RESET){}
      0000E4                        292 00101$:
      0000E4 C6 52 30         [ 1]  293 	ld	a, 0x5230
      0000E7 2A FB            [ 1]  294 	jrpl	00101$
                                    295 ;	main.c: 88: cy++;
      0000E9 5C               [ 1]  296 	incw	x
      0000EA 20 F1            [ 2]  297 	jra	00104$
                                    298 ;	main.c: 90: }
      0000EC 81               [ 4]  299 	ret
                                    300 ;	main.c: 91: void uart1_nline(void)
                                    301 ;	-----------------------------------------
                                    302 ;	 function uart1_nline
                                    303 ;	-----------------------------------------
      0000ED                        304 _uart1_nline:
                                    305 ;	main.c: 93: UART1->DR = (0x0a);
      0000ED 35 0A 52 31      [ 1]  306 	mov	0x5231+0, #0x0a
                                    307 ;	main.c: 94: while((UART1->SR & (uint8_t)UART1_SR_TXE)==RESET);
      0000F1                        308 00101$:
      0000F1 C6 52 30         [ 1]  309 	ld	a, 0x5230
      0000F4 2A FB            [ 1]  310 	jrpl	00101$
                                    311 ;	main.c: 95: }
      0000F6 81               [ 4]  312 	ret
                                    313 ;	main.c: 103: void SimpleKalmanFilter(float mea_e, float est_e, float q)
                                    314 ;	-----------------------------------------
                                    315 ;	 function SimpleKalmanFilter
                                    316 ;	-----------------------------------------
      0000F7                        317 _SimpleKalmanFilter:
                                    318 ;	main.c: 105: _err_measure=mea_e;
      0000F7 1E 05            [ 2]  319 	ldw	x, (0x05, sp)
      0000F9 16 03            [ 2]  320 	ldw	y, (0x03, sp)
      0000FB CFu00u02         [ 2]  321 	ldw	__err_measure+2, x
      0000FE 90 CFu00u00      [ 2]  322 	ldw	__err_measure+0, y
                                    323 ;	main.c: 106: _err_estimate=est_e;
      000102 1E 09            [ 2]  324 	ldw	x, (0x09, sp)
      000104 16 07            [ 2]  325 	ldw	y, (0x07, sp)
      000106 CFu00u06         [ 2]  326 	ldw	__err_estimate+2, x
      000109 90 CFu00u04      [ 2]  327 	ldw	__err_estimate+0, y
                                    328 ;	main.c: 107: _q = q;
      00010D 1E 0D            [ 2]  329 	ldw	x, (0x0d, sp)
      00010F 16 0B            [ 2]  330 	ldw	y, (0x0b, sp)
      000111 CFu00u0A         [ 2]  331 	ldw	__q+2, x
      000114 90 CFu00u08      [ 2]  332 	ldw	__q+0, y
                                    333 ;	main.c: 108: }
      000118 1E 01            [ 2]  334 	ldw	x, (1, sp)
      00011A 5B 0E            [ 2]  335 	addw	sp, #14
      00011C FC               [ 2]  336 	jp	(x)
                                    337 ;	main.c: 110: float updateEstimate(float mea)
                                    338 ;	-----------------------------------------
                                    339 ;	 function updateEstimate
                                    340 ;	-----------------------------------------
      00011D                        341 _updateEstimate:
      00011D 52 04            [ 2]  342 	sub	sp, #4
                                    343 ;	main.c: 112: _kalman_gain = _err_estimate/(_err_estimate + _err_measure);
      00011F 3Bu00u03         [ 1]  344 	push	__err_measure+3
      000122 3Bu00u02         [ 1]  345 	push	__err_measure+2
      000125 3Bu00u01         [ 1]  346 	push	__err_measure+1
      000128 3Bu00u00         [ 1]  347 	push	__err_measure+0
      00012B 3Bu00u07         [ 1]  348 	push	__err_estimate+3
      00012E 3Bu00u06         [ 1]  349 	push	__err_estimate+2
      000131 3Bu00u05         [ 1]  350 	push	__err_estimate+1
      000134 3Bu00u04         [ 1]  351 	push	__err_estimate+0
      000137 CDr00r00         [ 4]  352 	call	___fsadd
      00013A 89               [ 2]  353 	pushw	x
      00013B 90 89            [ 2]  354 	pushw	y
      00013D 3Bu00u07         [ 1]  355 	push	__err_estimate+3
      000140 3Bu00u06         [ 1]  356 	push	__err_estimate+2
      000143 3Bu00u05         [ 1]  357 	push	__err_estimate+1
      000146 3Bu00u04         [ 1]  358 	push	__err_estimate+0
      000149 CDr00r00         [ 4]  359 	call	___fsdiv
      00014C CFu00u0A         [ 2]  360 	ldw	__kalman_gain+2, x
      00014F 90 CFu00u08      [ 2]  361 	ldw	__kalman_gain+0, y
                                    362 ;	main.c: 113: _current_estimate = _last_estimate + _kalman_gain * (mea - _last_estimate);
      000153 3Bu00u07         [ 1]  363 	push	__last_estimate+3
      000156 3Bu00u06         [ 1]  364 	push	__last_estimate+2
      000159 3Bu00u05         [ 1]  365 	push	__last_estimate+1
      00015C 3Bu00u04         [ 1]  366 	push	__last_estimate+0
      00015F 1E 0D            [ 2]  367 	ldw	x, (0x0d, sp)
      000161 89               [ 2]  368 	pushw	x
      000162 1E 0D            [ 2]  369 	ldw	x, (0x0d, sp)
      000164 89               [ 2]  370 	pushw	x
      000165 CDr00r00         [ 4]  371 	call	___fssub
      000168 89               [ 2]  372 	pushw	x
      000169 90 89            [ 2]  373 	pushw	y
      00016B 3Bu00u0B         [ 1]  374 	push	__kalman_gain+3
      00016E 3Bu00u0A         [ 1]  375 	push	__kalman_gain+2
      000171 3Bu00u09         [ 1]  376 	push	__kalman_gain+1
      000174 3Bu00u08         [ 1]  377 	push	__kalman_gain+0
      000177 CDr00r00         [ 4]  378 	call	___fsmul
      00017A 89               [ 2]  379 	pushw	x
      00017B 90 89            [ 2]  380 	pushw	y
      00017D 3Bu00u07         [ 1]  381 	push	__last_estimate+3
      000180 3Bu00u06         [ 1]  382 	push	__last_estimate+2
      000183 3Bu00u05         [ 1]  383 	push	__last_estimate+1
      000186 3Bu00u04         [ 1]  384 	push	__last_estimate+0
      000189 CDr00r00         [ 4]  385 	call	___fsadd
      00018C CFu00u02         [ 2]  386 	ldw	__current_estimate+2, x
      00018F 90 CFu00u00      [ 2]  387 	ldw	__current_estimate+0, y
                                    388 ;	main.c: 114: _err_estimate =  (1.0 - _kalman_gain)*_err_estimate + fabsf(_last_estimate-_current_estimate)*_q;
      000193 3Bu00u0B         [ 1]  389 	push	__kalman_gain+3
      000196 3Bu00u0A         [ 1]  390 	push	__kalman_gain+2
      000199 3Bu00u09         [ 1]  391 	push	__kalman_gain+1
      00019C 3Bu00u08         [ 1]  392 	push	__kalman_gain+0
      00019F 5F               [ 1]  393 	clrw	x
      0001A0 89               [ 2]  394 	pushw	x
      0001A1 4B 80            [ 1]  395 	push	#0x80
      0001A3 4B 3F            [ 1]  396 	push	#0x3f
      0001A5 CDr00r00         [ 4]  397 	call	___fssub
      0001A8 3Bu00u07         [ 1]  398 	push	__err_estimate+3
      0001AB 3Bu00u06         [ 1]  399 	push	__err_estimate+2
      0001AE 3Bu00u05         [ 1]  400 	push	__err_estimate+1
      0001B1 3Bu00u04         [ 1]  401 	push	__err_estimate+0
      0001B4 89               [ 2]  402 	pushw	x
      0001B5 90 89            [ 2]  403 	pushw	y
      0001B7 CDr00r00         [ 4]  404 	call	___fsmul
      0001BA 1F 03            [ 2]  405 	ldw	(0x03, sp), x
      0001BC 17 01            [ 2]  406 	ldw	(0x01, sp), y
      0001BE 3Bu00u03         [ 1]  407 	push	__current_estimate+3
      0001C1 3Bu00u02         [ 1]  408 	push	__current_estimate+2
      0001C4 3Bu00u01         [ 1]  409 	push	__current_estimate+1
      0001C7 3Bu00u00         [ 1]  410 	push	__current_estimate+0
      0001CA 3Bu00u07         [ 1]  411 	push	__last_estimate+3
      0001CD 3Bu00u06         [ 1]  412 	push	__last_estimate+2
      0001D0 3Bu00u05         [ 1]  413 	push	__last_estimate+1
      0001D3 3Bu00u04         [ 1]  414 	push	__last_estimate+0
      0001D6 CDr00r00         [ 4]  415 	call	___fssub
      0001D9 89               [ 2]  416 	pushw	x
      0001DA 90 89            [ 2]  417 	pushw	y
      0001DC CDr00r00         [ 4]  418 	call	_fabsf
      0001DF 3Bu00u0B         [ 1]  419 	push	__q+3
      0001E2 3Bu00u0A         [ 1]  420 	push	__q+2
      0001E5 3Bu00u09         [ 1]  421 	push	__q+1
      0001E8 3Bu00u08         [ 1]  422 	push	__q+0
      0001EB 89               [ 2]  423 	pushw	x
      0001EC 90 89            [ 2]  424 	pushw	y
      0001EE CDr00r00         [ 4]  425 	call	___fsmul
      0001F1 89               [ 2]  426 	pushw	x
      0001F2 90 89            [ 2]  427 	pushw	y
      0001F4 1E 07            [ 2]  428 	ldw	x, (0x07, sp)
      0001F6 89               [ 2]  429 	pushw	x
      0001F7 1E 07            [ 2]  430 	ldw	x, (0x07, sp)
      0001F9 89               [ 2]  431 	pushw	x
      0001FA CDr00r00         [ 4]  432 	call	___fsadd
      0001FD CFu00u06         [ 2]  433 	ldw	__err_estimate+2, x
      000200 90 CFu00u04      [ 2]  434 	ldw	__err_estimate+0, y
                                    435 ;	main.c: 115: _last_estimate=_current_estimate;
      000204 CEu00u02         [ 2]  436 	ldw	x, __current_estimate+2
      000207 90 CEu00u00      [ 2]  437 	ldw	y, __current_estimate+0
      00020B CFu00u06         [ 2]  438 	ldw	__last_estimate+2, x
      00020E 90 CFu00u04      [ 2]  439 	ldw	__last_estimate+0, y
                                    440 ;	main.c: 117: return _current_estimate;
      000212 CEu00u02         [ 2]  441 	ldw	x, __current_estimate+2
      000215 90 CEu00u00      [ 2]  442 	ldw	y, __current_estimate+0
                                    443 ;	main.c: 118: }
      000219 5B 04            [ 2]  444 	addw	sp, #4
      00021B 89               [ 2]  445 	pushw	x
      00021C 1E 03            [ 2]  446 	ldw	x, (3, sp)
      00021E 1F 07            [ 2]  447 	ldw	(7, sp), x
      000220 85               [ 2]  448 	popw	x
      000221 5B 04            [ 2]  449 	addw	sp, #4
      000223 81               [ 4]  450 	ret
                                    451 ;	main.c: 119: void ADC1_DeInit(void){
                                    452 ;	-----------------------------------------
                                    453 ;	 function ADC1_DeInit
                                    454 ;	-----------------------------------------
      000224                        455 _ADC1_DeInit:
                                    456 ;	main.c: 120: ADC1->CSR  = ADC1_CSR_RESET_VALUE;
      000224 35 00 54 00      [ 1]  457 	mov	0x5400+0, #0x00
                                    458 ;	main.c: 121: ADC1->CR1  = ADC1_CR1_RESET_VALUE;
      000228 35 00 54 01      [ 1]  459 	mov	0x5401+0, #0x00
                                    460 ;	main.c: 122: ADC1->CR2  = ADC1_CR2_RESET_VALUE;
      00022C 35 00 54 02      [ 1]  461 	mov	0x5402+0, #0x00
                                    462 ;	main.c: 123: ADC1->CR3  = ADC1_CR3_RESET_VALUE;
      000230 35 00 54 03      [ 1]  463 	mov	0x5403+0, #0x00
                                    464 ;	main.c: 124: ADC1->TDRH = ADC1_TDRH_RESET_VALUE;
      000234 35 00 54 06      [ 1]  465 	mov	0x5406+0, #0x00
                                    466 ;	main.c: 125: ADC1->TDRL = ADC1_TDRL_RESET_VALUE;
      000238 35 00 54 07      [ 1]  467 	mov	0x5407+0, #0x00
                                    468 ;	main.c: 126: ADC1->HTRH = ADC1_HTRH_RESET_VALUE;
      00023C 35 FF 54 08      [ 1]  469 	mov	0x5408+0, #0xff
                                    470 ;	main.c: 127: ADC1->HTRL = ADC1_HTRL_RESET_VALUE;
      000240 35 03 54 09      [ 1]  471 	mov	0x5409+0, #0x03
                                    472 ;	main.c: 128: ADC1->LTRH = ADC1_LTRH_RESET_VALUE;
      000244 35 00 54 0A      [ 1]  473 	mov	0x540a+0, #0x00
                                    474 ;	main.c: 129: ADC1->LTRL = ADC1_LTRL_RESET_VALUE;
      000248 35 00 54 0B      [ 1]  475 	mov	0x540b+0, #0x00
                                    476 ;	main.c: 130: ADC1->AWCRH = ADC1_AWCRH_RESET_VALUE;
      00024C 35 00 54 0E      [ 1]  477 	mov	0x540e+0, #0x00
                                    478 ;	main.c: 131: ADC1->AWCRL = ADC1_AWCRL_RESET_VALUE;
      000250 35 00 54 0F      [ 1]  479 	mov	0x540f+0, #0x00
                                    480 ;	main.c: 132: }
      000254 81               [ 4]  481 	ret
                                    482 ;	main.c: 133: void ADC1_Init(void){
                                    483 ;	-----------------------------------------
                                    484 ;	 function ADC1_Init
                                    485 ;	-----------------------------------------
      000255                        486 _ADC1_Init:
                                    487 ;	main.c: 135: ADC1->CSR &= (uint8_t)(~ADC1_CSR_CH);
      000255 C6 54 00         [ 1]  488 	ld	a, 0x5400
      000258 A4 F0            [ 1]  489 	and	a, #0xf0
      00025A C7 54 00         [ 1]  490 	ld	0x5400, a
                                    491 ;	main.c: 137: ADC1->CSR |= (uint8_t)(0x04);
      00025D 72 14 54 00      [ 1]  492 	bset	0x5400, #2
                                    493 ;	main.c: 140: ADC1->CR2 &= (uint8_t)(~ADC1_CR2_ALIGN);
      000261 72 17 54 02      [ 1]  494 	bres	0x5402, #3
                                    495 ;	main.c: 142: ADC1->CR2 |= (uint8_t)(0x08);
      000265 72 16 54 02      [ 1]  496 	bset	0x5402, #3
                                    497 ;	main.c: 145: ADC1->CR1 &= (uint8_t)(~ADC1_CR1_CONT);
      000269 72 13 54 01      [ 1]  498 	bres	0x5401, #1
                                    499 ;	main.c: 148: ADC1->CR1 &= (uint8_t)(~ADC1_CR1_SPSEL);
      00026D C6 54 01         [ 1]  500 	ld	a, 0x5401
      000270 A4 8F            [ 1]  501 	and	a, #0x8f
      000272 C7 54 01         [ 1]  502 	ld	0x5401, a
                                    503 ;	main.c: 150: ADC1->CR1 |= (uint8_t)0x70;  
      000275 C6 54 01         [ 1]  504 	ld	a, 0x5401
      000278 AA 70            [ 1]  505 	or	a, #0x70
      00027A C7 54 01         [ 1]  506 	ld	0x5401, a
                                    507 ;	main.c: 152: ADC1->CR1 |= ADC1_CR1_ADON;
      00027D 72 10 54 01      [ 1]  508 	bset	0x5401, #0
                                    509 ;	main.c: 154: }
      000281 81               [ 4]  510 	ret
                                    511 ;	main.c: 155: uint16_t ADC1_Read(void){
                                    512 ;	-----------------------------------------
                                    513 ;	 function ADC1_Read
                                    514 ;	-----------------------------------------
      000282                        515 _ADC1_Read:
      000282 52 04            [ 2]  516 	sub	sp, #4
                                    517 ;	main.c: 157: ADC1->CR1 |= ADC1_CR1_ADON;
      000284 72 10 54 01      [ 1]  518 	bset	0x5401, #0
                                    519 ;	main.c: 159: while( (ADC1->CSR & ADC1_CSR_EOC) == RESET){}    
      000288                        520 00101$:
      000288 C6 54 00         [ 1]  521 	ld	a, 0x5400
      00028B 2A FB            [ 1]  522 	jrpl	00101$
                                    523 ;	main.c: 161: ADC1->CSR &= (uint8_t) (~ADC1_CSR_EOC);
      00028D 72 1F 54 00      [ 1]  524 	bres	0x5400, #7
                                    525 ;	main.c: 166: templ = ADC1->DRL;
      000291 C6 54 05         [ 1]  526 	ld	a, 0x5405
      000294 97               [ 1]  527 	ld	xl, a
                                    528 ;	main.c: 168: temph = ADC1->DRH;
      000295 C6 54 04         [ 1]  529 	ld	a, 0x5404
                                    530 ;	main.c: 169: temph = (uint16_t)(templ | (uint16_t)(temph << (uint8_t)8));
      000298 0F 02            [ 1]  531 	clr	(0x02, sp)
      00029A 0F 03            [ 1]  532 	clr	(0x03, sp)
      00029C 1A 03            [ 1]  533 	or	a, (0x03, sp)
      00029E 01               [ 1]  534 	rrwa	x
      00029F 1A 02            [ 1]  535 	or	a, (0x02, sp)
      0002A1 97               [ 1]  536 	ld	xl, a
                                    537 ;	main.c: 170: return ((uint16_t)temph);
                                    538 ;	main.c: 171: }
      0002A2 5B 04            [ 2]  539 	addw	sp, #4
      0002A4 81               [ 4]  540 	ret
                                    541 ;	main.c: 175: void main(void)
                                    542 ;	-----------------------------------------
                                    543 ;	 function main
                                    544 ;	-----------------------------------------
      0002A5                        545 _main:
                                    546 ;	main.c: 178: CLK->CKDIVR &= (uint8_t)(~CLK_CKDIVR_HSIDIV);
      0002A5 C6 50 C6         [ 1]  547 	ld	a, 0x50c6
      0002A8 A4 E7            [ 1]  548 	and	a, #0xe7
      0002AA C7 50 C6         [ 1]  549 	ld	0x50c6, a
                                    550 ;	main.c: 179: CLK->CKDIVR |= (uint8_t)0x00;
      0002AD 55 50 C6 50 C6   [ 1]  551 	mov	0x50c6, 0x50c6
                                    552 ;	main.c: 180: Timer4Config();
      0002B2 CDr00r00         [ 4]  553 	call	_Timer4Config
                                    554 ;	main.c: 181: uart_init();
      0002B5 CDr00r22         [ 4]  555 	call	_uart_init
                                    556 ;	main.c: 182: SimpleKalmanFilter(10, 1, 0.05);
      0002B8 4B CD            [ 1]  557 	push	#0xcd
      0002BA 4B CC            [ 1]  558 	push	#0xcc
      0002BC 4B 4C            [ 1]  559 	push	#0x4c
      0002BE 4B 3D            [ 1]  560 	push	#0x3d
      0002C0 5F               [ 1]  561 	clrw	x
      0002C1 89               [ 2]  562 	pushw	x
      0002C2 4B 80            [ 1]  563 	push	#0x80
      0002C4 4B 3F            [ 1]  564 	push	#0x3f
      0002C6 5F               [ 1]  565 	clrw	x
      0002C7 89               [ 2]  566 	pushw	x
      0002C8 4B 20            [ 1]  567 	push	#0x20
      0002CA 4B 41            [ 1]  568 	push	#0x41
      0002CC CDr00rF7         [ 4]  569 	call	_SimpleKalmanFilter
                                    570 ;	main.c: 184: ADC1_DeInit();
      0002CF CDr02r24         [ 4]  571 	call	_ADC1_DeInit
                                    572 ;	main.c: 185: ADC1_Init();
      0002D2 CDr02r55         [ 4]  573 	call	_ADC1_Init
                                    574 ;	main.c: 186: while(1) 
      0002D5                        575 00102$:
                                    576 ;	main.c: 192: adc_value = ADC1_Read();
      0002D5 CDr02r82         [ 4]  577 	call	_ADC1_Read
      0002D8 CFu00u0C         [ 2]  578 	ldw	_adc_value+0, x
                                    579 ;	main.c: 194: uart1_number(adc_value);
      0002DB CEu00u0C         [ 2]  580 	ldw	x, _adc_value+0
      0002DE CDr00r75         [ 4]  581 	call	_uart1_number
                                    582 ;	main.c: 195: uart1_string(",");
      0002E1 AEr00r00         [ 2]  583 	ldw	x, #(___str_1+0)
      0002E4 CDr00rDD         [ 4]  584 	call	_uart1_string
                                    585 ;	main.c: 196: a_kalman =(int) updateEstimate(adc_value);
      0002E7 CEu00u0C         [ 2]  586 	ldw	x, _adc_value+0
      0002EA CDr00r00         [ 4]  587 	call	___uint2fs
      0002ED 89               [ 2]  588 	pushw	x
      0002EE 90 89            [ 2]  589 	pushw	y
      0002F0 CDr01r1D         [ 4]  590 	call	_updateEstimate
      0002F3 89               [ 2]  591 	pushw	x
      0002F4 90 89            [ 2]  592 	pushw	y
      0002F6 CDr00r00         [ 4]  593 	call	___fs2sint
                                    594 ;	main.c: 197: uart1_number(a_kalman);
      0002F9 CDr00r75         [ 4]  595 	call	_uart1_number
                                    596 ;	main.c: 201: uart1_nline();
      0002FC CDr00rED         [ 4]  597 	call	_uart1_nline
      0002FF 20 D4            [ 2]  598 	jra	00102$
                                    599 ;	main.c: 204: }
      000301 81               [ 4]  600 	ret
                                    601 	.area CODE
                                    602 	.area CONST
                                    603 	.area CONST
      000000                        604 ___str_1:
      000000 2C                     605 	.ascii ","
      000001 00                     606 	.db 0x00
                                    607 	.area CODE
                                    608 	.area INITIALIZER
      000000                        609 __xinit___current_estimate:
      000000 00 00 00 00            610 	.byte #0x00, #0x00, #0x00, #0x00	;  0.000000e+00
      000004                        611 __xinit___last_estimate:
      000004 00 00 00 00            612 	.byte #0x00, #0x00, #0x00, #0x00	;  0.000000e+00
      000008                        613 __xinit___kalman_gain:
      000008 00 00 00 00            614 	.byte #0x00, #0x00, #0x00, #0x00	;  0.000000e+00
      00000C                        615 __xinit__adc_value:
      00000C 00 00                  616 	.dw #0x0000
                                    617 	.area CABS (ABS)
